[ 2017-09-11T20:32:29+08:00 ] 127.0.0.1 127.0.0.1 GET /favicon.ico
[ log ] www.git.com/favicon.ico [运行时间：0.243014s][吞吐率：4.11req/s] [内存消耗：1,626.48kb] [文件加载：27]
[ info ] [ ROUTE ] array (
  'type' => 'module',
  'module' => 
  array (
    0 => 'favicon.ico',
    1 => NULL,
    2 => NULL,
  ),
)
[ info ] [ HEADER ] array (
  'host' => 'www.git.com',
  'connection' => 'Keep-Alive',
  'user-agent' => 'Mozilla/5.0 (Windows NT 6.1; WOW64) AppleWebKit/537.36 (KHTML, like Gecko) Chrome/49.0.2623.221 Safari/537.36 SE 2.X MetaSr 1.0',
  'accept-encoding' => 'gzip, deflate',
  'cookie' => 'Hm_lvt_080836300300be57b7f34f4b3e97d911=1505051685',
)
[ info ] [ PARAM ] array (
)
[ info ] [ LANG ] D:\wamp64\www\lwhezuo\xitong\thinkphp\lang\zh-cn.php
[ info ] [ LOG ] INIT File

---------------------------------------------------------------
[ 2017-09-11T20:39:07+08:00 ] 127.0.0.1 127.0.0.1 GET /
[ log ] www.git.com/ [运行时间：0.095005s][吞吐率：10.53req/s] [内存消耗：2,198.02kb] [文件加载：35]
[ info ] [ ROUTE ] array (
  'type' => 'module',
  'module' => 
  array (
    0 => '',
    1 => NULL,
    2 => NULL,
  ),
)
[ info ] [ HEADER ] array (
  'host' => 'www.git.com',
  'connection' => 'keep-alive',
  'accept' => 'text/html,application/xhtml+xml,application/xml;q=0.9,image/webp,*/*;q=0.8',
  'upgrade-insecure-requests' => '1',
  'user-agent' => 'Mozilla/5.0 (Windows NT 6.1; WOW64) AppleWebKit/537.36 (KHTML, like Gecko) Chrome/49.0.2623.221 Safari/537.36 SE 2.X MetaSr 1.0',
  'accept-encoding' => 'gzip, deflate, sdch',
  'accept-language' => 'zh-CN,zh;q=0.8',
  'cookie' => 'Hm_lvt_080836300300be57b7f34f4b3e97d911=1505051685',
)
[ info ] [ PARAM ] array (
)
[ info ] [ LOG ] INIT File

---------------------------------------------------------------
[ 2017-09-11T20:39:07+08:00 ] 127.0.0.1 127.0.0.1 GET /admin/login/login.html
[ log ] www.git.com/admin/login/login.html [运行时间：0.067004s][吞吐率：14.92req/s] [内存消耗：3,294.11kb] [文件加载：39]
[ info ] [ ROUTE ] array (
  'type' => 'module',
  'module' => 
  array (
    0 => 'admin',
    1 => 'login',
    2 => 'login',
  ),
)
[ info ] [ HEADER ] array (
  'host' => 'www.git.com',
  'connection' => 'keep-alive',
  'accept' => 'text/html,application/xhtml+xml,application/xml;q=0.9,image/webp,*/*;q=0.8',
  'upgrade-insecure-requests' => '1',
  'user-agent' => 'Mozilla/5.0 (Windows NT 6.1; WOW64) AppleWebKit/537.36 (KHTML, like Gecko) Chrome/49.0.2623.221 Safari/537.36 SE 2.X MetaSr 1.0',
  'accept-encoding' => 'gzip, deflate, sdch',
  'accept-language' => 'zh-CN,zh;q=0.8',
  'cookie' => 'Hm_lvt_080836300300be57b7f34f4b3e97d911=1505051685; PHPSESSID=f2ko7mmpj4j7ana2vjm4029785',
)
[ info ] [ PARAM ] array (
)
[ info ] [ RUN ] Method [ <user> public method login ] {
  @@ D:\wamp64\www\lwhezuo\xitong\application\admin\controller\Login.php 16 - 52
}

[ info ] [ DB ] INIT mysql
[ info ] [ VIEW ] D:\wamp64\www\lwhezuo\xitong\public/../application/admin\view\login\login.html [ array (
  0 => 'contrll',
  1 => 'action',
) ]
[ info ] [ LOG ] INIT File

---------------------------------------------------------------
[ 2017-09-11T20:39:08+08:00 ] 127.0.0.1 127.0.0.1 GET /admin/login/verify.html
[ log ] www.git.com/admin/login/verify.html [运行时间：0.175010s][吞吐率：5.71req/s] [内存消耗：2,314.83kb] [文件加载：38]
[ info ] [ ROUTE ] array (
  'type' => 'module',
  'module' => 
  array (
    0 => 'admin',
    1 => 'login',
    2 => 'verify',
  ),
)
[ info ] [ HEADER ] array (
  'host' => 'www.git.com',
  'connection' => 'keep-alive',
  'accept' => 'image/webp,image/*,*/*;q=0.8',
  'user-agent' => 'Mozilla/5.0 (Windows NT 6.1; WOW64) AppleWebKit/537.36 (KHTML, like Gecko) Chrome/49.0.2623.221 Safari/537.36 SE 2.X MetaSr 1.0',
  'referer' => 'http://www.git.com/admin/login/login.html',
  'accept-encoding' => 'gzip, deflate, sdch',
  'accept-language' => 'zh-CN,zh;q=0.8',
  'cookie' => 'Hm_lvt_080836300300be57b7f34f4b3e97d911=1505051685; PHPSESSID=f2ko7mmpj4j7ana2vjm4029785',
)
[ info ] [ PARAM ] array (
)
[ info ] [ RUN ] Method [ <user> public method verify ] {
  @@ D:\wamp64\www\lwhezuo\xitong\application\admin\controller\Login.php 54 - 62
}

[ info ] [ LANG ] D:\wamp64\www\lwhezuo\xitong\thinkphp\lang\zh-cn.php
[ info ] [ LANG ] D:\wamp64\www\lwhezuo\xitong\thinkphp\lang\zh-cn.php
[ info ] [ LANG ] D:\wamp64\www\lwhezuo\xitong\thinkphp\lang\zh-cn.php
[ info ] [ LANG ] D:\wamp64\www\lwhezuo\xitong\thinkphp\lang\zh-cn.php
[ info ] [ LANG ] D:\wamp64\www\lwhezuo\xitong\thinkphp\lang\zh-cn.php
[ info ] [ LANG ] D:\wamp64\www\lwhezuo\xitong\thinkphp\lang\zh-cn.php
[ info ] [ LANG ] D:\wamp64\www\lwhezuo\xitong\thinkphp\lang\zh-cn.php
[ info ] [ LANG ] D:\wamp64\www\lwhezuo\xitong\thinkphp\lang\zh-cn.php
[ info ] [ LANG ] D:\wamp64\www\lwhezuo\xitong\thinkphp\lang\zh-cn.php
[ info ] [ SESSION ] INIT array (
  'id' => '',
  'var_session_id' => '',
  'prefix' => 'think',
  'type' => '',
  'auto_start' => true,
)
[ info ] [ LOG ] INIT File
[ error ] [8]A non well formed numeric value encountered[D:\wamp64\www\lwhezuo\xitong\extend\Verify.php:117]
[ error ] [8]A non well formed numeric value encountered[D:\wamp64\www\lwhezuo\xitong\extend\Verify.php:117]
[ error ] [8]A non well formed numeric value encountered[D:\wamp64\www\lwhezuo\xitong\extend\Verify.php:205]
[ error ] [8]A non well formed numeric value encountered[D:\wamp64\www\lwhezuo\xitong\extend\Verify.php:225]
[ error ] [8]A non well formed numeric value encountered[D:\wamp64\www\lwhezuo\xitong\extend\Verify.php:164]
[ error ] [8]A non well formed numeric value encountered[D:\wamp64\www\lwhezuo\xitong\extend\Verify.php:164]
[ error ] [8]A non well formed numeric value encountered[D:\wamp64\www\lwhezuo\xitong\extend\Verify.php:164]
[ error ] [8]A non well formed numeric value encountered[D:\wamp64\www\lwhezuo\xitong\extend\Verify.php:164]
[ error ] [8]Use of undefined constant NOW_TIME - assumed 'NOW_TIME'[D:\wamp64\www\lwhezuo\xitong\extend\Verify.php:173]

---------------------------------------------------------------
[ 2017-09-11T20:39:15+08:00 ] 127.0.0.1 127.0.0.1 POST /admin/login/login.html
[ log ] www.git.com/admin/login/login.html [运行时间：0.199012s][吞吐率：5.02req/s] [内存消耗：3,990.76kb] [文件加载：51]
[ info ] [ ROUTE ] array (
  'type' => 'module',
  'module' => 
  array (
    0 => 'admin',
    1 => 'login',
    2 => 'login',
  ),
)
[ info ] [ HEADER ] array (
  'host' => 'www.git.com',
  'connection' => 'keep-alive',
  'accept' => '*/*',
  'origin' => 'http://www.git.com',
  'x-requested-with' => 'XMLHttpRequest',
  'user-agent' => 'Mozilla/5.0 (Windows NT 6.1; WOW64) AppleWebKit/537.36 (KHTML, like Gecko) Chrome/49.0.2623.221 Safari/537.36 SE 2.X MetaSr 1.0',
  'referer' => 'http://www.git.com/admin/login/login.html',
  'accept-encoding' => 'gzip, deflate',
  'accept-language' => 'zh-CN,zh;q=0.8',
  'cookie' => 'PHPSESSID=f2ko7mmpj4j7ana2vjm4029785; think_var=zh-cn; Hm_lvt_080836300300be57b7f34f4b3e97d911=1505051685,1505133548; Hm_lpvt_080836300300be57b7f34f4b3e97d911=1505133548',
  'content-type' => 'application/x-www-form-urlencoded; charset=UTF-8',
  'content-length' => '40',
)
[ info ] [ PARAM ] array (
  'username' => 'admin',
  'password' => '123456',
  'code' => 'SGVA',
)
[ info ] [ RUN ] Method [ <user> public method login ] {
  @@ D:\wamp64\www\lwhezuo\xitong\application\admin\controller\Login.php 16 - 52
}

[ info ] [ DB ] INIT mysql
[ info ] [ SESSION ] INIT array (
  'id' => '',
  'var_session_id' => '',
  'prefix' => 'think',
  'type' => '',
  'auto_start' => true,
)
[ info ] [ LANG ] D:\wamp64\www\lwhezuo\xitong\thinkphp\lang\zh-cn.php
[ info ] [ LANG ] D:\wamp64\www\lwhezuo\xitong\thinkphp\lang\zh-cn.php
[ info ] [ CACHE ] INIT File
[ info ] [ LOG ] INIT File
[ error ] [8]Use of undefined constant NOW_TIME - assumed 'NOW_TIME'[D:\wamp64\www\lwhezuo\xitong\extend\Verify.php:91]
[ error ] [8]A session had already been started - ignoring session_start()[D:\wamp64\www\lwhezuo\xitong\application\admin\model\Login.php:19]
[ sql ] [ DB ] CONNECT:[ UseTime:0.003000s ] mysql:dbname=ykd;host=localhost;charset=utf8
[ sql ] [ SQL ] SHOW COLUMNS FROM `dino_admin` [ RunTime:0.001000s ]
[ sql ] [ SQL ] SELECT `id`,`loginsum`,`role_id`,`new_ip`,`new_time`,`state`,`username`,`name` FROM `dino_admin` WHERE  `username` = 'admin'  AND `password` = '368bd5610605d07b7282588a7bd61e81' LIMIT 1     [ RunTime:0.001000s ]
[ sql ] [ SQL ] UPDATE `dino_admin`  SET `loginsum`='288',`last_time`='2017-09-11 20:38:48',`last_ip`='127.0.0.1',`new_time`='2017-09-11 20:39:14',`new_ip`='127.0.0.1'  WHERE  `id` = 1         [ RunTime:0.101006s ]
[ sql ] [ SQL ] SHOW COLUMNS FROM `dino_auth` [ RunTime:0.001000s ]
[ sql ] [ SQL ] SELECT `id` FROM `dino_auth` WHERE  `auth_c` = 'login'  AND `auth_a` = 'login' LIMIT 1     [ RunTime:0.001000s ]
[ sql ] [ SQL ] SHOW COLUMNS FROM `dino_log` [ RunTime:0.001000s ]
[ sql ] [ SQL ] INSERT INTO `dino_log` (`user_id` , `user_name` , `menu_id` , `create_time` , `result` , `remarks` , `user_ip`) VALUES (1 , '1234' , 0 , '2017-09-11 20:39:15' , '1' , '登录成功' , '127.0.0.1')         [ RunTime:0.000000s ]

---------------------------------------------------------------
[ 2017-09-11T20:39:16+08:00 ] 127.0.0.1 127.0.0.1 GET /admin/index/index.html
[ log ] www.git.com/admin/index/index.html [运行时间：0.078005s][吞吐率：12.82req/s] [内存消耗：3,868.59kb] [文件加载：44]
[ info ] [ ROUTE ] array (
  'type' => 'module',
  'module' => 
  array (
    0 => 'admin',
    1 => 'index',
    2 => 'index',
  ),
)
[ info ] [ HEADER ] array (
  'host' => 'www.git.com',
  'connection' => 'keep-alive',
  'accept' => 'text/html,application/xhtml+xml,application/xml;q=0.9,image/webp,*/*;q=0.8',
  'upgrade-insecure-requests' => '1',
  'user-agent' => 'Mozilla/5.0 (Windows NT 6.1; WOW64) AppleWebKit/537.36 (KHTML, like Gecko) Chrome/49.0.2623.221 Safari/537.36 SE 2.X MetaSr 1.0',
  'referer' => 'http://www.git.com/admin/login/login.html',
  'accept-encoding' => 'gzip, deflate, sdch',
  'accept-language' => 'zh-CN,zh;q=0.8',
  'cookie' => 'PHPSESSID=f2ko7mmpj4j7ana2vjm4029785; think_var=zh-cn; Hm_lvt_080836300300be57b7f34f4b3e97d911=1505051685,1505133548; Hm_lpvt_080836300300be57b7f34f4b3e97d911=1505133548',
)
[ info ] [ PARAM ] array (
)
[ info ] [ RUN ] Method [ <user> public method index ] {
  @@ D:\wamp64\www\lwhezuo\xitong\application\admin\controller\Index.php 9 - 18
}

[ info ] [ DB ] INIT mysql
[ info ] [ VIEW ] D:\wamp64\www\lwhezuo\xitong\public/../application/admin\view\index\index.html [ array (
  0 => 'lw_role',
  1 => 'admin',
  2 => 'ban',
) ]
[ info ] [ LOG ] INIT File
[ sql ] [ DB ] CONNECT:[ UseTime:0.002000s ] mysql:dbname=ykd;host=localhost;charset=utf8
[ sql ] [ SQL ] SHOW COLUMNS FROM `dino_auth` [ RunTime:0.001000s ]
[ sql ] [ SQL ] SELECT `id`,`auth_name`,`auth_c`,`auth_a` FROM `dino_auth` WHERE  `auth_pid` = 0  AND `is_show` = '1'    [ RunTime:0.001000s ]
[ sql ] [ SQL ] SELECT `id`,`auth_name`,`auth_c`,`auth_a` FROM `dino_auth` WHERE  `auth_pid` = 1  AND `is_show` = '1'    [ RunTime:0.000000s ]
[ sql ] [ SQL ] SELECT `id`,`auth_name`,`auth_c`,`auth_a` FROM `dino_auth` WHERE  `auth_pid` = 6  AND `is_show` = '1'    [ RunTime:0.003000s ]
[ sql ] [ SQL ] SELECT `id`,`auth_name`,`auth_c`,`auth_a` FROM `dino_auth` WHERE  `auth_pid` = 10  AND `is_show` = '1'    [ RunTime:0.001000s ]
[ sql ] [ SQL ] SHOW COLUMNS FROM `dino_admin` [ RunTime:0.002000s ]
[ sql ] [ SQL ] SELECT `username`,`role_id`,`loginsum`,`last_ip`,`last_time` FROM `dino_admin` WHERE  `id` = 1 LIMIT 1    [ RunTime:0.001000s ]

---------------------------------------------------------------
[ 2017-09-11T20:39:16+08:00 ] 127.0.0.1 127.0.0.1 GET /admin/index/welcome.html
[ log ] www.git.com/admin/index/welcome.html [运行时间：0.101006s][吞吐率：9.90req/s] [内存消耗：3,989.09kb] [文件加载：45]
[ info ] [ ROUTE ] array (
  'type' => 'module',
  'module' => 
  array (
    0 => 'admin',
    1 => 'index',
    2 => 'welcome',
  ),
)
[ info ] [ HEADER ] array (
  'host' => 'www.git.com',
  'connection' => 'keep-alive',
  'accept' => 'text/html,application/xhtml+xml,application/xml;q=0.9,image/webp,*/*;q=0.8',
  'upgrade-insecure-requests' => '1',
  'user-agent' => 'Mozilla/5.0 (Windows NT 6.1; WOW64) AppleWebKit/537.36 (KHTML, like Gecko) Chrome/49.0.2623.221 Safari/537.36 SE 2.X MetaSr 1.0',
  'referer' => 'http://www.git.com/admin/index/index.html',
  'accept-encoding' => 'gzip, deflate, sdch',
  'accept-language' => 'zh-CN,zh;q=0.8',
  'cookie' => 'PHPSESSID=f2ko7mmpj4j7ana2vjm4029785; think_var=zh-cn; Hm_lvt_080836300300be57b7f34f4b3e97d911=1505051685,1505133548; Hm_lpvt_080836300300be57b7f34f4b3e97d911=1505133548',
)
[ info ] [ PARAM ] array (
)
[ info ] [ RUN ] Method [ <user> public method welcome ] {
  @@ D:\wamp64\www\lwhezuo\xitong\application\admin\controller\Index.php 20 - 27
}

[ info ] [ DB ] INIT mysql
[ info ] [ VIEW ] D:\wamp64\www\lwhezuo\xitong\public/../application/admin\view\index\welcome.html [ array (
  0 => 'lw_role',
  1 => 'admin',
) ]
[ info ] [ LOG ] INIT File
[ sql ] [ DB ] CONNECT:[ UseTime:0.011000s ] mysql:dbname=ykd;host=localhost;charset=utf8
[ sql ] [ SQL ] SHOW COLUMNS FROM `dino_admin` [ RunTime:0.002000s ]
[ sql ] [ SQL ] SELECT `username`,`role_id`,`loginsum`,`last_ip`,`last_time` FROM `dino_admin` WHERE  `id` = 1 LIMIT 1    [ RunTime:0.001000s ]

---------------------------------------------------------------
[ 2017-09-11T20:39:17+08:00 ] 127.0.0.1 127.0.0.1 GET /index.php/admin/Enterprise/company_list
[ log ] www.git.com/index.php/admin/Enterprise/company_list [运行时间：0.085005s][吞吐率：11.76req/s] [内存消耗：4,276.03kb] [文件加载：51]
[ info ] [ ROUTE ] array (
  'type' => 'module',
  'module' => 
  array (
    0 => 'admin',
    1 => 'Enterprise',
    2 => 'company_list',
  ),
)
[ info ] [ HEADER ] array (
  'host' => 'www.git.com',
  'connection' => 'keep-alive',
  'accept' => 'text/html,application/xhtml+xml,application/xml;q=0.9,image/webp,*/*;q=0.8',
  'upgrade-insecure-requests' => '1',
  'user-agent' => 'Mozilla/5.0 (Windows NT 6.1; WOW64) AppleWebKit/537.36 (KHTML, like Gecko) Chrome/49.0.2623.221 Safari/537.36 SE 2.X MetaSr 1.0',
  'referer' => 'http://www.git.com/admin/index/index.html',
  'accept-encoding' => 'gzip, deflate, sdch',
  'accept-language' => 'zh-CN,zh;q=0.8',
  'cookie' => 'PHPSESSID=f2ko7mmpj4j7ana2vjm4029785; think_var=zh-cn; Hm_lvt_080836300300be57b7f34f4b3e97d911=1505051685,1505133548; Hm_lpvt_080836300300be57b7f34f4b3e97d911=1505133548',
)
[ info ] [ PARAM ] array (
)
[ info ] [ RUN ] /**
	 * 公司信息列表
	 * @Author   wcl
	 * @DateTime 2017-09-10T20:53:24+0800
	 * @return   [type]                   [description]
	 */
Method [ <user> public method company_list ] {
  @@ D:\wamp64\www\lwhezuo\xitong\application\admin\controller\Enterprise.php 12 - 46
}

[ info ] [ DB ] INIT mysql
[ info ] [ VIEW ] D:\wamp64\www\lwhezuo\xitong\public/../application/admin\view\enterprise\company_list.html [ array (
  0 => 'lw_role',
  1 => 'res',
) ]
[ info ] [ LANG ] D:\wamp64\www\lwhezuo\xitong\thinkphp\lang\zh-cn.php
[ info ] [ LANG ] D:\wamp64\www\lwhezuo\xitong\thinkphp\lang\zh-cn.php
[ info ] [ LANG ] D:\wamp64\www\lwhezuo\xitong\thinkphp\lang\zh-cn.php
[ info ] [ LOG ] INIT File
[ sql ] [ DB ] CONNECT:[ UseTime:0.004000s ] mysql:dbname=ykd;host=localhost;charset=utf8
[ sql ] [ SQL ] SHOW COLUMNS FROM `dino_company` [ RunTime:0.001000s ]
[ sql ] [ SQL ] SELECT `id`,`name`,`license_number`,`legal`,`legal_mobile`,`contact`,`contact_mobile`,`contact_phone`,`address` FROM `dino_company` WHERE  (  1 ) ORDER BY id desc  [ RunTime:0.001000s ]
[ error ] [8]未定义变量: startime[D:\wamp64\www\lwhezuo\xitong\runtime\temp\64242ff3613e13f0f9a4a8aa189af3bf.php:35]
[ error ] [8]未定义变量: overtime[D:\wamp64\www\lwhezuo\xitong\runtime\temp\64242ff3613e13f0f9a4a8aa189af3bf.php:38]
[ error ] [8]未定义变量: name[D:\wamp64\www\lwhezuo\xitong\runtime\temp\64242ff3613e13f0f9a4a8aa189af3bf.php:44]

---------------------------------------------------------------
[ 2017-09-11T20:39:17+08:00 ] 127.0.0.1 127.0.0.1 GET /index.php/admin/Enterprise/lib/jquery.validation/1.14.0/validate-methods.js
[ log ] www.git.com/index.php/admin/Enterprise/lib/jquery.validation/1.14.0/validate-methods.js [运行时间：0.064004s][吞吐率：15.62req/s] [内存消耗：2,243.52kb] [文件加载：37]
[ info ] [ ROUTE ] array (
  'type' => 'module',
  'module' => 
  array (
    0 => 'admin',
    1 => 'Enterprise',
    2 => 'lib',
  ),
)
[ info ] [ HEADER ] array (
  'host' => 'www.git.com',
  'connection' => 'keep-alive',
  'accept' => '*/*',
  'user-agent' => 'Mozilla/5.0 (Windows NT 6.1; WOW64) AppleWebKit/537.36 (KHTML, like Gecko) Chrome/49.0.2623.221 Safari/537.36 SE 2.X MetaSr 1.0',
  'referer' => 'http://www.git.com/index.php/admin/Enterprise/company_list',
  'accept-encoding' => 'gzip, deflate, sdch',
  'accept-language' => 'zh-CN,zh;q=0.8',
  'cookie' => 'PHPSESSID=f2ko7mmpj4j7ana2vjm4029785; think_var=zh-cn; Hm_lvt_080836300300be57b7f34f4b3e97d911=1505051685,1505133548; Hm_lpvt_080836300300be57b7f34f4b3e97d911=1505133548',
)
[ info ] [ PARAM ] array (
  'validation' => '1.14.0',
)
[ info ] [ LANG ] D:\wamp64\www\lwhezuo\xitong\thinkphp\lang\zh-cn.php
[ info ] [ LOG ] INIT File

---------------------------------------------------------------
[ 2017-09-11T20:39:17+08:00 ] 127.0.0.1 127.0.0.1 GET /index.php/admin/Enterprise/lib/jquery.validation/1.14.0/jquery.validate.js
[ log ] www.git.com/index.php/admin/Enterprise/lib/jquery.validation/1.14.0/jquery.validate.js [运行时间：0.076005s][吞吐率：13.16req/s] [内存消耗：2,243.47kb] [文件加载：37]
[ info ] [ ROUTE ] array (
  'type' => 'module',
  'module' => 
  array (
    0 => 'admin',
    1 => 'Enterprise',
    2 => 'lib',
  ),
)
[ info ] [ HEADER ] array (
  'host' => 'www.git.com',
  'connection' => 'keep-alive',
  'accept' => '*/*',
  'user-agent' => 'Mozilla/5.0 (Windows NT 6.1; WOW64) AppleWebKit/537.36 (KHTML, like Gecko) Chrome/49.0.2623.221 Safari/537.36 SE 2.X MetaSr 1.0',
  'referer' => 'http://www.git.com/index.php/admin/Enterprise/company_list',
  'accept-encoding' => 'gzip, deflate, sdch',
  'accept-language' => 'zh-CN,zh;q=0.8',
  'cookie' => 'PHPSESSID=f2ko7mmpj4j7ana2vjm4029785; think_var=zh-cn; Hm_lvt_080836300300be57b7f34f4b3e97d911=1505051685,1505133548; Hm_lpvt_080836300300be57b7f34f4b3e97d911=1505133548',
)
[ info ] [ PARAM ] array (
  'validation' => '1.14.0',
)
[ info ] [ LANG ] D:\wamp64\www\lwhezuo\xitong\thinkphp\lang\zh-cn.php
[ info ] [ LOG ] INIT File

---------------------------------------------------------------
[ 2017-09-11T20:39:17+08:00 ] 127.0.0.1 127.0.0.1 GET /index.php/admin/Enterprise/lib/jquery.validation/1.14.0/messages_zh.js
[ log ] www.git.com/index.php/admin/Enterprise/lib/jquery.validation/1.14.0/messages_zh.js [运行时间：0.063003s][吞吐率：15.87req/s] [内存消耗：2,243.27kb] [文件加载：37]
[ info ] [ ROUTE ] array (
  'type' => 'module',
  'module' => 
  array (
    0 => 'admin',
    1 => 'Enterprise',
    2 => 'lib',
  ),
)
[ info ] [ HEADER ] array (
  'host' => 'www.git.com',
  'connection' => 'keep-alive',
  'accept' => '*/*',
  'user-agent' => 'Mozilla/5.0 (Windows NT 6.1; WOW64) AppleWebKit/537.36 (KHTML, like Gecko) Chrome/49.0.2623.221 Safari/537.36 SE 2.X MetaSr 1.0',
  'referer' => 'http://www.git.com/index.php/admin/Enterprise/company_list',
  'accept-encoding' => 'gzip, deflate, sdch',
  'accept-language' => 'zh-CN,zh;q=0.8',
  'cookie' => 'PHPSESSID=f2ko7mmpj4j7ana2vjm4029785; think_var=zh-cn; Hm_lvt_080836300300be57b7f34f4b3e97d911=1505051685,1505133548; Hm_lpvt_080836300300be57b7f34f4b3e97d911=1505133548',
)
[ info ] [ PARAM ] array (
  'validation' => '1.14.0',
)
[ info ] [ LANG ] D:\wamp64\www\lwhezuo\xitong\thinkphp\lang\zh-cn.php
[ info ] [ LOG ] INIT File

---------------------------------------------------------------
[ 2017-09-11T20:39:18+08:00 ] 127.0.0.1 127.0.0.1 GET /index.php/admin/Enterprise/staff_list
[ log ] www.git.com/index.php/admin/Enterprise/staff_list [运行时间：0.030002s][吞吐率：33.33req/s] [内存消耗：2,104.85kb] [文件加载：32]
[ info ] [ ROUTE ] array (
  'type' => 'module',
  'module' => 
  array (
    0 => 'admin',
    1 => 'Enterprise',
    2 => 'staff_list',
  ),
)
[ info ] [ HEADER ] array (
  'host' => 'www.git.com',
  'connection' => 'keep-alive',
  'accept' => 'text/html,application/xhtml+xml,application/xml;q=0.9,image/webp,*/*;q=0.8',
  'upgrade-insecure-requests' => '1',
  'user-agent' => 'Mozilla/5.0 (Windows NT 6.1; WOW64) AppleWebKit/537.36 (KHTML, like Gecko) Chrome/49.0.2623.221 Safari/537.36 SE 2.X MetaSr 1.0',
  'referer' => 'http://www.git.com/admin/index/index.html',
  'accept-encoding' => 'gzip, deflate, sdch',
  'accept-language' => 'zh-CN,zh;q=0.8',
  'cookie' => 'PHPSESSID=f2ko7mmpj4j7ana2vjm4029785; think_var=zh-cn; Hm_lvt_080836300300be57b7f34f4b3e97d911=1505051685,1505133548; Hm_lpvt_080836300300be57b7f34f4b3e97d911=1505133548',
)
[ info ] [ PARAM ] array (
)
[ info ] [ RUN ] /**
	 * 员工信息列表
	 * @Author   wcl
	 * @DateTime 2017-09-10T20:53:24+0800
	 * @return   [type]                   [description]
	 */
Method [ <user> public method staff_list ] {
  @@ D:\wamp64\www\lwhezuo\xitong\application\admin\controller\Enterprise.php 90 - 92
}

[ info ] [ LOG ] INIT File

---------------------------------------------------------------
[ 2017-09-11T20:39:19+08:00 ] 127.0.0.1 127.0.0.1 GET /index.php/admin/Enterprise/garden_list
[ log ] www.git.com/index.php/admin/Enterprise/garden_list [运行时间：0.027001s][吞吐率：37.04req/s] [内存消耗：2,104.88kb] [文件加载：32]
[ info ] [ ROUTE ] array (
  'type' => 'module',
  'module' => 
  array (
    0 => 'admin',
    1 => 'Enterprise',
    2 => 'garden_list',
  ),
)
[ info ] [ HEADER ] array (
  'host' => 'www.git.com',
  'connection' => 'keep-alive',
  'accept' => 'text/html,application/xhtml+xml,application/xml;q=0.9,image/webp,*/*;q=0.8',
  'upgrade-insecure-requests' => '1',
  'user-agent' => 'Mozilla/5.0 (Windows NT 6.1; WOW64) AppleWebKit/537.36 (KHTML, like Gecko) Chrome/49.0.2623.221 Safari/537.36 SE 2.X MetaSr 1.0',
  'referer' => 'http://www.git.com/admin/index/index.html',
  'accept-encoding' => 'gzip, deflate, sdch',
  'accept-language' => 'zh-CN,zh;q=0.8',
  'cookie' => 'PHPSESSID=f2ko7mmpj4j7ana2vjm4029785; think_var=zh-cn; Hm_lvt_080836300300be57b7f34f4b3e97d911=1505051685,1505133548; Hm_lpvt_080836300300be57b7f34f4b3e97d911=1505133548',
)
[ info ] [ PARAM ] array (
)
[ info ] [ RUN ] /**
	 * 园区信息列表
	 * @Author   wcl
	 * @DateTime 2017-09-10T20:53:24+0800
	 * @return   [type]                   [description]
	 */
Method [ <user> public method garden_list ] {
  @@ D:\wamp64\www\lwhezuo\xitong\application\admin\controller\Enterprise.php 126 - 128
}

[ info ] [ LOG ] INIT File

---------------------------------------------------------------
[ 2017-09-11T20:39:20+08:00 ] 127.0.0.1 127.0.0.1 GET /index.php/admin/Enterprise/house_list
[ log ] www.git.com/index.php/admin/Enterprise/house_list [运行时间：0.030002s][吞吐率：33.33req/s] [内存消耗：2,104.85kb] [文件加载：32]
[ info ] [ ROUTE ] array (
  'type' => 'module',
  'module' => 
  array (
    0 => 'admin',
    1 => 'Enterprise',
    2 => 'house_list',
  ),
)
[ info ] [ HEADER ] array (
  'host' => 'www.git.com',
  'connection' => 'keep-alive',
  'accept' => 'text/html,application/xhtml+xml,application/xml;q=0.9,image/webp,*/*;q=0.8',
  'upgrade-insecure-requests' => '1',
  'user-agent' => 'Mozilla/5.0 (Windows NT 6.1; WOW64) AppleWebKit/537.36 (KHTML, like Gecko) Chrome/49.0.2623.221 Safari/537.36 SE 2.X MetaSr 1.0',
  'referer' => 'http://www.git.com/admin/index/index.html',
  'accept-encoding' => 'gzip, deflate, sdch',
  'accept-language' => 'zh-CN,zh;q=0.8',
  'cookie' => 'PHPSESSID=f2ko7mmpj4j7ana2vjm4029785; think_var=zh-cn; Hm_lvt_080836300300be57b7f34f4b3e97d911=1505051685,1505133548; Hm_lpvt_080836300300be57b7f34f4b3e97d911=1505133548',
)
[ info ] [ PARAM ] array (
)
[ info ] [ RUN ] /**
	 * 房源信息列表
	 * @Author   wcl
	 * @DateTime 2017-09-10T20:53:24+0800
	 * @return   [type]                   [description]
	 */
Method [ <user> public method house_list ] {
  @@ D:\wamp64\www\lwhezuo\xitong\application\admin\controller\Enterprise.php 162 - 164
}

[ info ] [ LOG ] INIT File

---------------------------------------------------------------
[ 2017-09-11T20:39:20+08:00 ] 127.0.0.1 127.0.0.1 GET /index.php/admin/Enterprise/staff_list
[ log ] www.git.com/index.php/admin/Enterprise/staff_list [运行时间：0.027001s][吞吐率：37.04req/s] [内存消耗：2,104.85kb] [文件加载：32]
[ info ] [ ROUTE ] array (
  'type' => 'module',
  'module' => 
  array (
    0 => 'admin',
    1 => 'Enterprise',
    2 => 'staff_list',
  ),
)
[ info ] [ HEADER ] array (
  'host' => 'www.git.com',
  'connection' => 'keep-alive',
  'accept' => 'text/html,application/xhtml+xml,application/xml;q=0.9,image/webp,*/*;q=0.8',
  'upgrade-insecure-requests' => '1',
  'user-agent' => 'Mozilla/5.0 (Windows NT 6.1; WOW64) AppleWebKit/537.36 (KHTML, like Gecko) Chrome/49.0.2623.221 Safari/537.36 SE 2.X MetaSr 1.0',
  'referer' => 'http://www.git.com/admin/index/index.html',
  'accept-encoding' => 'gzip, deflate, sdch',
  'accept-language' => 'zh-CN,zh;q=0.8',
  'cookie' => 'PHPSESSID=f2ko7mmpj4j7ana2vjm4029785; think_var=zh-cn; Hm_lvt_080836300300be57b7f34f4b3e97d911=1505051685,1505133548; Hm_lpvt_080836300300be57b7f34f4b3e97d911=1505133548',
)
[ info ] [ PARAM ] array (
)
[ info ] [ RUN ] /**
	 * 员工信息列表
	 * @Author   wcl
	 * @DateTime 2017-09-10T20:53:24+0800
	 * @return   [type]                   [description]
	 */
Method [ <user> public method staff_list ] {
  @@ D:\wamp64\www\lwhezuo\xitong\application\admin\controller\Enterprise.php 90 - 92
}

[ info ] [ LOG ] INIT File

---------------------------------------------------------------
[ 2017-09-11T20:39:21+08:00 ] 127.0.0.1 127.0.0.1 GET /index.php/admin/Enterprise/company_list
[ log ] www.git.com/index.php/admin/Enterprise/company_list [运行时间：0.058003s][吞吐率：17.24req/s] [内存消耗：4,011.49kb] [文件加载：49]
[ info ] [ ROUTE ] array (
  'type' => 'module',
  'module' => 
  array (
    0 => 'admin',
    1 => 'Enterprise',
    2 => 'company_list',
  ),
)
[ info ] [ HEADER ] array (
  'host' => 'www.git.com',
  'connection' => 'keep-alive',
  'accept' => 'text/html,application/xhtml+xml,application/xml;q=0.9,image/webp,*/*;q=0.8',
  'upgrade-insecure-requests' => '1',
  'user-agent' => 'Mozilla/5.0 (Windows NT 6.1; WOW64) AppleWebKit/537.36 (KHTML, like Gecko) Chrome/49.0.2623.221 Safari/537.36 SE 2.X MetaSr 1.0',
  'referer' => 'http://www.git.com/admin/index/index.html',
  'accept-encoding' => 'gzip, deflate, sdch',
  'accept-language' => 'zh-CN,zh;q=0.8',
  'cookie' => 'PHPSESSID=f2ko7mmpj4j7ana2vjm4029785; think_var=zh-cn; Hm_lvt_080836300300be57b7f34f4b3e97d911=1505051685,1505133548; Hm_lpvt_080836300300be57b7f34f4b3e97d911=1505133548',
)
[ info ] [ PARAM ] array (
)
[ info ] [ RUN ] /**
	 * 公司信息列表
	 * @Author   wcl
	 * @DateTime 2017-09-10T20:53:24+0800
	 * @return   [type]                   [description]
	 */
Method [ <user> public method company_list ] {
  @@ D:\wamp64\www\lwhezuo\xitong\application\admin\controller\Enterprise.php 12 - 46
}

[ info ] [ DB ] INIT mysql
[ info ] [ VIEW ] D:\wamp64\www\lwhezuo\xitong\public/../application/admin\view\enterprise\company_list.html [ array (
  0 => 'lw_role',
  1 => 'res',
) ]
[ info ] [ LANG ] D:\wamp64\www\lwhezuo\xitong\thinkphp\lang\zh-cn.php
[ info ] [ LANG ] D:\wamp64\www\lwhezuo\xitong\thinkphp\lang\zh-cn.php
[ info ] [ LANG ] D:\wamp64\www\lwhezuo\xitong\thinkphp\lang\zh-cn.php
[ info ] [ LOG ] INIT File
[ sql ] [ DB ] CONNECT:[ UseTime:0.011001s ] mysql:dbname=ykd;host=localhost;charset=utf8
[ sql ] [ SQL ] SHOW COLUMNS FROM `dino_company` [ RunTime:0.002000s ]
[ sql ] [ SQL ] SELECT `id`,`name`,`license_number`,`legal`,`legal_mobile`,`contact`,`contact_mobile`,`contact_phone`,`address` FROM `dino_company` WHERE  (  1 ) ORDER BY id desc  [ RunTime:0.001000s ]
[ error ] [8]未定义变量: startime[D:\wamp64\www\lwhezuo\xitong\runtime\temp\64242ff3613e13f0f9a4a8aa189af3bf.php:35]
[ error ] [8]未定义变量: overtime[D:\wamp64\www\lwhezuo\xitong\runtime\temp\64242ff3613e13f0f9a4a8aa189af3bf.php:38]
[ error ] [8]未定义变量: name[D:\wamp64\www\lwhezuo\xitong\runtime\temp\64242ff3613e13f0f9a4a8aa189af3bf.php:44]

---------------------------------------------------------------
[ 2017-09-11T20:39:21+08:00 ] 127.0.0.1 127.0.0.1 GET /index.php/admin/Enterprise/lib/jquery.validation/1.14.0/validate-methods.js
[ log ] www.git.com/index.php/admin/Enterprise/lib/jquery.validation/1.14.0/validate-methods.js [运行时间：0.048002s][吞吐率：20.83req/s] [内存消耗：2,243.49kb] [文件加载：37]
[ info ] [ ROUTE ] array (
  'type' => 'module',
  'module' => 
  array (
    0 => 'admin',
    1 => 'Enterprise',
    2 => 'lib',
  ),
)
[ info ] [ HEADER ] array (
  'host' => 'www.git.com',
  'connection' => 'keep-alive',
  'accept' => '*/*',
  'user-agent' => 'Mozilla/5.0 (Windows NT 6.1; WOW64) AppleWebKit/537.36 (KHTML, like Gecko) Chrome/49.0.2623.221 Safari/537.36 SE 2.X MetaSr 1.0',
  'referer' => 'http://www.git.com/index.php/admin/Enterprise/company_list',
  'accept-encoding' => 'gzip, deflate, sdch',
  'accept-language' => 'zh-CN,zh;q=0.8',
  'cookie' => 'PHPSESSID=f2ko7mmpj4j7ana2vjm4029785; think_var=zh-cn; Hm_lvt_080836300300be57b7f34f4b3e97d911=1505051685,1505133548; Hm_lpvt_080836300300be57b7f34f4b3e97d911=1505133548',
)
[ info ] [ PARAM ] array (
  'validation' => '1.14.0',
)
[ info ] [ LANG ] D:\wamp64\www\lwhezuo\xitong\thinkphp\lang\zh-cn.php
[ info ] [ LOG ] INIT File

---------------------------------------------------------------
[ 2017-09-11T20:39:21+08:00 ] 127.0.0.1 127.0.0.1 GET /index.php/admin/Enterprise/lib/jquery.validation/1.14.0/jquery.validate.js
[ log ] www.git.com/index.php/admin/Enterprise/lib/jquery.validation/1.14.0/jquery.validate.js [运行时间：0.070004s][吞吐率：14.28req/s] [内存消耗：2,243.47kb] [文件加载：37]
[ info ] [ ROUTE ] array (
  'type' => 'module',
  'module' => 
  array (
    0 => 'admin',
    1 => 'Enterprise',
    2 => 'lib',
  ),
)
[ info ] [ HEADER ] array (
  'host' => 'www.git.com',
  'connection' => 'keep-alive',
  'accept' => '*/*',
  'user-agent' => 'Mozilla/5.0 (Windows NT 6.1; WOW64) AppleWebKit/537.36 (KHTML, like Gecko) Chrome/49.0.2623.221 Safari/537.36 SE 2.X MetaSr 1.0',
  'referer' => 'http://www.git.com/index.php/admin/Enterprise/company_list',
  'accept-encoding' => 'gzip, deflate, sdch',
  'accept-language' => 'zh-CN,zh;q=0.8',
  'cookie' => 'PHPSESSID=f2ko7mmpj4j7ana2vjm4029785; think_var=zh-cn; Hm_lvt_080836300300be57b7f34f4b3e97d911=1505051685,1505133548; Hm_lpvt_080836300300be57b7f34f4b3e97d911=1505133548',
)
[ info ] [ PARAM ] array (
  'validation' => '1.14.0',
)
[ info ] [ LANG ] D:\wamp64\www\lwhezuo\xitong\thinkphp\lang\zh-cn.php
[ info ] [ LOG ] INIT File

---------------------------------------------------------------
[ 2017-09-11T20:39:21+08:00 ] 127.0.0.1 127.0.0.1 GET /index.php/admin/Enterprise/lib/jquery.validation/1.14.0/messages_zh.js
[ log ] www.git.com/index.php/admin/Enterprise/lib/jquery.validation/1.14.0/messages_zh.js [运行时间：0.065004s][吞吐率：15.38req/s] [内存消耗：2,243.27kb] [文件加载：37]
[ info ] [ ROUTE ] array (
  'type' => 'module',
  'module' => 
  array (
    0 => 'admin',
    1 => 'Enterprise',
    2 => 'lib',
  ),
)
[ info ] [ HEADER ] array (
  'host' => 'www.git.com',
  'connection' => 'keep-alive',
  'accept' => '*/*',
  'user-agent' => 'Mozilla/5.0 (Windows NT 6.1; WOW64) AppleWebKit/537.36 (KHTML, like Gecko) Chrome/49.0.2623.221 Safari/537.36 SE 2.X MetaSr 1.0',
  'referer' => 'http://www.git.com/index.php/admin/Enterprise/company_list',
  'accept-encoding' => 'gzip, deflate, sdch',
  'accept-language' => 'zh-CN,zh;q=0.8',
  'cookie' => 'PHPSESSID=f2ko7mmpj4j7ana2vjm4029785; think_var=zh-cn; Hm_lvt_080836300300be57b7f34f4b3e97d911=1505051685,1505133548; Hm_lpvt_080836300300be57b7f34f4b3e97d911=1505133548',
)
[ info ] [ PARAM ] array (
  'validation' => '1.14.0',
)
[ info ] [ LANG ] D:\wamp64\www\lwhezuo\xitong\thinkphp\lang\zh-cn.php
[ info ] [ LOG ] INIT File

---------------------------------------------------------------
[ 2017-09-11T22:14:27+08:00 ] 127.0.0.1 127.0.0.1 GET /index.php/admin/Menu/lists
[ log ] www.git.com/index.php/admin/Menu/lists [运行时间：0.096006s][吞吐率：10.42req/s] [内存消耗：4,251.69kb] [文件加载：49]
[ info ] [ ROUTE ] array (
  'type' => 'module',
  'module' => 
  array (
    0 => 'admin',
    1 => 'Menu',
    2 => 'lists',
  ),
)
[ info ] [ HEADER ] array (
  'host' => 'www.git.com',
  'connection' => 'keep-alive',
  'accept' => 'text/html,application/xhtml+xml,application/xml;q=0.9,image/webp,*/*;q=0.8',
  'upgrade-insecure-requests' => '1',
  'user-agent' => 'Mozilla/5.0 (Windows NT 6.1; WOW64) AppleWebKit/537.36 (KHTML, like Gecko) Chrome/49.0.2623.221 Safari/537.36 SE 2.X MetaSr 1.0',
  'referer' => 'http://www.git.com/admin/index/index.html',
  'accept-encoding' => 'gzip, deflate, sdch',
  'accept-language' => 'zh-CN,zh;q=0.8',
  'cookie' => 'PHPSESSID=f2ko7mmpj4j7ana2vjm4029785; Hm_lvt_080836300300be57b7f34f4b3e97d911=1505051685,1505133548; Hm_lpvt_080836300300be57b7f34f4b3e97d911=1505133548',
)
[ info ] [ PARAM ] array (
)
[ info ] [ RUN ] Method [ <user> public method lists ] {
  @@ D:\wamp64\www\lwhezuo\xitong\application\admin\controller\Menu.php 173 - 186
}

[ info ] [ DB ] INIT mysql
[ info ] [ VIEW ] D:\wamp64\www\lwhezuo\xitong\public/../application/admin\view\menu\lists.html [ array (
  0 => 'lw_role',
  1 => 'res',
) ]
[ info ] [ LANG ] D:\wamp64\www\lwhezuo\xitong\thinkphp\lang\zh-cn.php
[ info ] [ LOG ] INIT File
[ sql ] [ DB ] CONNECT:[ UseTime:0.005000s ] mysql:dbname=ykd;host=localhost;charset=utf8
[ sql ] [ SQL ] SHOW COLUMNS FROM `dino_auth` [ RunTime:0.001000s ]
[ sql ] [ SQL ] SELECT `id`,`auth_name`,`auth_c`,`auth_a`,`is_show`,`auth_level`,`auth_pid` FROM `dino_auth` WHERE  (  1 ) ORDER BY id desc  [ RunTime:0.001001s ]
[ sql ] [ SQL ] SELECT `auth_name` FROM `dino_auth` WHERE  `id` = 23 LIMIT 1    [ RunTime:0.001000s ]
[ sql ] [ SQL ] SELECT `auth_name` FROM `dino_auth` WHERE  `id` = 10 LIMIT 1    [ RunTime:0.002000s ]
[ sql ] [ SQL ] SELECT `auth_name` FROM `dino_auth` WHERE  `id` = 10 LIMIT 1    [ RunTime:0.001000s ]
[ sql ] [ SQL ] SELECT `auth_name` FROM `dino_auth` WHERE  `id` = 10 LIMIT 1    [ RunTime:0.000000s ]
[ sql ] [ SQL ] SELECT `auth_name` FROM `dino_auth` WHERE  `id` = 10 LIMIT 1    [ RunTime:0.000000s ]
[ sql ] [ SQL ] SELECT `auth_name` FROM `dino_auth` WHERE  `id` = 1 LIMIT 1    [ RunTime:0.000000s ]
[ sql ] [ SQL ] SELECT `auth_name` FROM `dino_auth` WHERE  `id` = 1 LIMIT 1    [ RunTime:0.001000s ]
[ sql ] [ SQL ] SELECT `auth_name` FROM `dino_auth` WHERE  `id` = 1 LIMIT 1    [ RunTime:0.000000s ]
[ sql ] [ SQL ] SELECT `auth_name` FROM `dino_auth` WHERE  `id` = 6 LIMIT 1    [ RunTime:0.000000s ]
[ sql ] [ SQL ] SELECT `auth_name` FROM `dino_auth` WHERE  `id` = 6 LIMIT 1    [ RunTime:0.001000s ]
[ sql ] [ SQL ] SELECT `auth_name` FROM `dino_auth` WHERE  `id` = 1 LIMIT 1    [ RunTime:0.000000s ]
[ error ] [8]未定义变量: auth_name[D:\wamp64\www\lwhezuo\xitong\runtime\temp\0ff4ebcd5ac241bcb45335f3d9dd6169.php:35]

---------------------------------------------------------------
[ 2017-09-11T22:14:28+08:00 ] 127.0.0.1 127.0.0.1 GET /index.php/admin/Enterprise/company_list
[ log ] www.git.com/index.php/admin/Enterprise/company_list [运行时间：0.042002s][吞吐率：23.81req/s] [内存消耗：4,011.49kb] [文件加载：49]
[ info ] [ ROUTE ] array (
  'type' => 'module',
  'module' => 
  array (
    0 => 'admin',
    1 => 'Enterprise',
    2 => 'company_list',
  ),
)
[ info ] [ HEADER ] array (
  'host' => 'www.git.com',
  'connection' => 'keep-alive',
  'accept' => 'text/html,application/xhtml+xml,application/xml;q=0.9,image/webp,*/*;q=0.8',
  'upgrade-insecure-requests' => '1',
  'user-agent' => 'Mozilla/5.0 (Windows NT 6.1; WOW64) AppleWebKit/537.36 (KHTML, like Gecko) Chrome/49.0.2623.221 Safari/537.36 SE 2.X MetaSr 1.0',
  'referer' => 'http://www.git.com/admin/index/index.html',
  'accept-encoding' => 'gzip, deflate, sdch',
  'accept-language' => 'zh-CN,zh;q=0.8',
  'cookie' => 'PHPSESSID=f2ko7mmpj4j7ana2vjm4029785; Hm_lvt_080836300300be57b7f34f4b3e97d911=1505051685,1505133548; Hm_lpvt_080836300300be57b7f34f4b3e97d911=1505133548; think_var=zh-cn',
)
[ info ] [ PARAM ] array (
)
[ info ] [ RUN ] /**
	 * 公司信息列表
	 * @Author   wcl
	 * @DateTime 2017-09-10T20:53:24+0800
	 * @return   [type]                   [description]
	 */
Method [ <user> public method company_list ] {
  @@ D:\wamp64\www\lwhezuo\xitong\application\admin\controller\Enterprise.php 12 - 46
}

[ info ] [ DB ] INIT mysql
[ info ] [ VIEW ] D:\wamp64\www\lwhezuo\xitong\public/../application/admin\view\enterprise\company_list.html [ array (
  0 => 'lw_role',
  1 => 'res',
) ]
[ info ] [ LANG ] D:\wamp64\www\lwhezuo\xitong\thinkphp\lang\zh-cn.php
[ info ] [ LANG ] D:\wamp64\www\lwhezuo\xitong\thinkphp\lang\zh-cn.php
[ info ] [ LANG ] D:\wamp64\www\lwhezuo\xitong\thinkphp\lang\zh-cn.php
[ info ] [ LOG ] INIT File
[ sql ] [ DB ] CONNECT:[ UseTime:0.002000s ] mysql:dbname=ykd;host=localhost;charset=utf8
[ sql ] [ SQL ] SHOW COLUMNS FROM `dino_company` [ RunTime:0.001000s ]
[ sql ] [ SQL ] SELECT `id`,`name`,`license_number`,`legal`,`legal_mobile`,`contact`,`contact_mobile`,`contact_phone`,`address` FROM `dino_company` WHERE  (  1 ) ORDER BY id desc  [ RunTime:0.000000s ]
[ error ] [8]未定义变量: startime[D:\wamp64\www\lwhezuo\xitong\runtime\temp\64242ff3613e13f0f9a4a8aa189af3bf.php:35]
[ error ] [8]未定义变量: overtime[D:\wamp64\www\lwhezuo\xitong\runtime\temp\64242ff3613e13f0f9a4a8aa189af3bf.php:38]
[ error ] [8]未定义变量: name[D:\wamp64\www\lwhezuo\xitong\runtime\temp\64242ff3613e13f0f9a4a8aa189af3bf.php:44]

---------------------------------------------------------------
[ 2017-09-11T22:14:28+08:00 ] 127.0.0.1 127.0.0.1 GET /index.php/admin/Enterprise/lib/jquery.validation/1.14.0/jquery.validate.js
[ log ] www.git.com/index.php/admin/Enterprise/lib/jquery.validation/1.14.0/jquery.validate.js [运行时间：0.053003s][吞吐率：18.87req/s] [内存消耗：2,243.54kb] [文件加载：37]
[ info ] [ ROUTE ] array (
  'type' => 'module',
  'module' => 
  array (
    0 => 'admin',
    1 => 'Enterprise',
    2 => 'lib',
  ),
)
[ info ] [ HEADER ] array (
  'host' => 'www.git.com',
  'connection' => 'keep-alive',
  'accept' => '*/*',
  'user-agent' => 'Mozilla/5.0 (Windows NT 6.1; WOW64) AppleWebKit/537.36 (KHTML, like Gecko) Chrome/49.0.2623.221 Safari/537.36 SE 2.X MetaSr 1.0',
  'referer' => 'http://www.git.com/index.php/admin/Enterprise/company_list',
  'accept-encoding' => 'gzip, deflate, sdch',
  'accept-language' => 'zh-CN,zh;q=0.8',
  'cookie' => 'PHPSESSID=f2ko7mmpj4j7ana2vjm4029785; Hm_lvt_080836300300be57b7f34f4b3e97d911=1505051685,1505133548; Hm_lpvt_080836300300be57b7f34f4b3e97d911=1505133548; think_var=zh-cn',
)
[ info ] [ PARAM ] array (
  'validation' => '1.14.0',
)
[ info ] [ LANG ] D:\wamp64\www\lwhezuo\xitong\thinkphp\lang\zh-cn.php
[ info ] [ LOG ] INIT File

---------------------------------------------------------------
[ 2017-09-11T22:14:28+08:00 ] 127.0.0.1 127.0.0.1 GET /index.php/admin/Enterprise/lib/jquery.validation/1.14.0/validate-methods.js
[ log ] www.git.com/index.php/admin/Enterprise/lib/jquery.validation/1.14.0/validate-methods.js [运行时间：0.067004s][吞吐率：14.92req/s] [内存消耗：2,243.49kb] [文件加载：37]
[ info ] [ ROUTE ] array (
  'type' => 'module',
  'module' => 
  array (
    0 => 'admin',
    1 => 'Enterprise',
    2 => 'lib',
  ),
)
[ info ] [ HEADER ] array (
  'host' => 'www.git.com',
  'connection' => 'keep-alive',
  'accept' => '*/*',
  'user-agent' => 'Mozilla/5.0 (Windows NT 6.1; WOW64) AppleWebKit/537.36 (KHTML, like Gecko) Chrome/49.0.2623.221 Safari/537.36 SE 2.X MetaSr 1.0',
  'referer' => 'http://www.git.com/index.php/admin/Enterprise/company_list',
  'accept-encoding' => 'gzip, deflate, sdch',
  'accept-language' => 'zh-CN,zh;q=0.8',
  'cookie' => 'PHPSESSID=f2ko7mmpj4j7ana2vjm4029785; Hm_lvt_080836300300be57b7f34f4b3e97d911=1505051685,1505133548; Hm_lpvt_080836300300be57b7f34f4b3e97d911=1505133548; think_var=zh-cn',
)
[ info ] [ PARAM ] array (
  'validation' => '1.14.0',
)
[ info ] [ LANG ] D:\wamp64\www\lwhezuo\xitong\thinkphp\lang\zh-cn.php
[ info ] [ LOG ] INIT File

---------------------------------------------------------------
[ 2017-09-11T22:14:28+08:00 ] 127.0.0.1 127.0.0.1 GET /index.php/admin/Enterprise/lib/jquery.validation/1.14.0/messages_zh.js
[ log ] www.git.com/index.php/admin/Enterprise/lib/jquery.validation/1.14.0/messages_zh.js [运行时间：0.053003s][吞吐率：18.87req/s] [内存消耗：2,243.27kb] [文件加载：37]
[ info ] [ ROUTE ] array (
  'type' => 'module',
  'module' => 
  array (
    0 => 'admin',
    1 => 'Enterprise',
    2 => 'lib',
  ),
)
[ info ] [ HEADER ] array (
  'host' => 'www.git.com',
  'connection' => 'keep-alive',
  'accept' => '*/*',
  'user-agent' => 'Mozilla/5.0 (Windows NT 6.1; WOW64) AppleWebKit/537.36 (KHTML, like Gecko) Chrome/49.0.2623.221 Safari/537.36 SE 2.X MetaSr 1.0',
  'referer' => 'http://www.git.com/index.php/admin/Enterprise/company_list',
  'accept-encoding' => 'gzip, deflate, sdch',
  'accept-language' => 'zh-CN,zh;q=0.8',
  'cookie' => 'PHPSESSID=f2ko7mmpj4j7ana2vjm4029785; Hm_lvt_080836300300be57b7f34f4b3e97d911=1505051685,1505133548; Hm_lpvt_080836300300be57b7f34f4b3e97d911=1505133548; think_var=zh-cn',
)
[ info ] [ PARAM ] array (
  'validation' => '1.14.0',
)
[ info ] [ LANG ] D:\wamp64\www\lwhezuo\xitong\thinkphp\lang\zh-cn.php
[ info ] [ LOG ] INIT File

---------------------------------------------------------------
[ 2017-09-11T22:14:29+08:00 ] 127.0.0.1 127.0.0.1 GET /index.php/admin/enterprise/company_add.html
[ log ] www.git.com/index.php/admin/enterprise/company_add.html [运行时间：0.072004s][吞吐率：13.89req/s] [内存消耗：4,126.02kb] [文件加载：46]
[ info ] [ ROUTE ] array (
  'type' => 'module',
  'module' => 
  array (
    0 => 'admin',
    1 => 'enterprise',
    2 => 'company_add',
  ),
)
[ info ] [ HEADER ] array (
  'host' => 'www.git.com',
  'connection' => 'keep-alive',
  'accept' => 'text/html,application/xhtml+xml,application/xml;q=0.9,image/webp,*/*;q=0.8',
  'upgrade-insecure-requests' => '1',
  'user-agent' => 'Mozilla/5.0 (Windows NT 6.1; WOW64) AppleWebKit/537.36 (KHTML, like Gecko) Chrome/49.0.2623.221 Safari/537.36 SE 2.X MetaSr 1.0',
  'referer' => 'http://www.git.com/index.php/admin/Enterprise/company_list',
  'accept-encoding' => 'gzip, deflate, sdch',
  'accept-language' => 'zh-CN,zh;q=0.8',
  'cookie' => 'PHPSESSID=f2ko7mmpj4j7ana2vjm4029785; Hm_lvt_080836300300be57b7f34f4b3e97d911=1505051685,1505133548; Hm_lpvt_080836300300be57b7f34f4b3e97d911=1505133548; think_var=zh-cn',
)
[ info ] [ PARAM ] array (
)
[ info ] [ RUN ] /**
	 * 公司信息新增
	 * @Author   wcl
	 * @DateTime 2017-09-10T20:53:24+0800
	 * @return   [type]                   [description]
	 */
Method [ <user> public method company_add ] {
  @@ D:\wamp64\www\lwhezuo\xitong\application\admin\controller\Enterprise.php 53 - 65
}

[ info ] [ DB ] INIT mysql
[ info ] [ VIEW ] D:\wamp64\www\lwhezuo\xitong\public/../application/admin\view\enterprise\company_add.html [ array (
  0 => 'lw_role',
  1 => 'bank',
) ]
[ info ] [ LOG ] INIT File
[ sql ] [ DB ] CONNECT:[ UseTime:0.014001s ] mysql:dbname=ykd;host=localhost;charset=utf8
[ sql ] [ SQL ] SHOW COLUMNS FROM `dino_dictionary` [ RunTime:0.001000s ]
[ sql ] [ SQL ] SELECT `id`,`type`,`name`,`status` FROM `dino_dictionary` WHERE  `type` = 2  AND `status` = 1 ORDER BY id desc    [ RunTime:0.000000s ]

---------------------------------------------------------------
[ 2017-09-11T22:14:52+08:00 ] 127.0.0.1 127.0.0.1 POST /index.php/admin/enterprise/company_add.html
[ log ] www.git.com/index.php/admin/enterprise/company_add.html [运行时间：0.097005s][吞吐率：10.31req/s] [内存消耗：3,800.55kb] [文件加载：43]
[ info ] [ ROUTE ] array (
  'type' => 'module',
  'module' => 
  array (
    0 => 'admin',
    1 => 'enterprise',
    2 => 'company_add',
  ),
)
[ info ] [ HEADER ] array (
  'host' => 'www.git.com',
  'connection' => 'keep-alive',
  'accept' => '*/*',
  'origin' => 'http://www.git.com',
  'x-requested-with' => 'XMLHttpRequest',
  'user-agent' => 'Mozilla/5.0 (Windows NT 6.1; WOW64) AppleWebKit/537.36 (KHTML, like Gecko) Chrome/49.0.2623.221 Safari/537.36 SE 2.X MetaSr 1.0',
  'referer' => 'http://www.git.com/index.php/admin/enterprise/company_add.html',
  'accept-encoding' => 'gzip, deflate',
  'accept-language' => 'zh-CN,zh;q=0.8',
  'cookie' => 'PHPSESSID=f2ko7mmpj4j7ana2vjm4029785; Hm_lvt_080836300300be57b7f34f4b3e97d911=1505051685,1505133548; Hm_lpvt_080836300300be57b7f34f4b3e97d911=1505133548; think_var=zh-cn',
  'content-type' => 'application/x-www-form-urlencoded; charset=UTF-8',
  'content-length' => '218',
)
[ info ] [ PARAM ] array (
  'name' => '21312',
  'license_number' => '312312',
  'address' => '3123123',
  'legal' => '131313131',
  'legal_mobile' => '15917902892',
  'bankname' => 
  array (
    0 => '14',
  ),
  'bank_number' => 
  array (
    0 => '123123',
  ),
  'bank_name' => 
  array (
    0 => '123123',
  ),
  'contact' => '3131',
  'contact_mobile' => '312313',
  'contact_phone' => '12312',
  'remark' => '',
)
[ info ] [ RUN ] /**
	 * 公司信息新增
	 * @Author   wcl
	 * @DateTime 2017-09-10T20:53:24+0800
	 * @return   [type]                   [description]
	 */
Method [ <user> public method company_add ] {
  @@ D:\wamp64\www\lwhezuo\xitong\application\admin\controller\Enterprise.php 53 - 65
}

[ info ] [ DB ] INIT mysql
[ info ] [ LOG ] INIT File
[ sql ] [ DB ] CONNECT:[ UseTime:0.001000s ] mysql:dbname=ykd;host=localhost;charset=utf8
[ sql ] [ SQL ] SHOW COLUMNS FROM `dino_company` [ RunTime:0.001000s ]
[ sql ] [ SQL ] SELECT COUNT(*) FROM `dino_company` WHERE  `name` = '21312' LIMIT 1    [ RunTime:0.001000s ]
[ sql ] [ SQL ] INSERT INTO `dino_company` (`name` , `license_number` , `address` , `legal` , `legal_mobile` , `contact` , `contact_mobile` , `contact_phone` , `remark` , `create_time` , `create_id`) VALUES ('21312' , '312312' , '3123123' , '131313131' , '15917902892' , '3131' , '312313' , '12312' , '' , 1505139292 , 1)             [ RunTime:0.001000s ]
[ sql ] [ SQL ] SHOW COLUMNS FROM `dino_bank` [ RunTime:0.001000s ]
[ sql ] [ SQL ] INSERT INTO `dino_bank` (`bank_number` , `bank_name` , `name` , `company_id`) SELECT '123123','123123','14','1'  [ RunTime:0.014001s ]
[ sql ] [ SQL ] SHOW COLUMNS FROM `dino_auth` [ RunTime:0.001000s ]
[ sql ] [ SQL ] SELECT `id` FROM `dino_auth` WHERE  `auth_c` = 'Enterprise'  AND `auth_a` = 'company_list' LIMIT 1     [ RunTime:0.001000s ]
[ sql ] [ SQL ] SHOW COLUMNS FROM `dino_log` [ RunTime:0.001000s ]
[ sql ] [ SQL ] INSERT INTO `dino_log` (`user_id` , `user_name` , `menu_id` , `create_time` , `result` , `remarks` , `user_ip`) VALUES (1 , '1234' , 19 , '2017-09-11 22:14:52' , '2' , '添加了公司为21312' , '127.0.0.1')         [ RunTime:0.000000s ]

---------------------------------------------------------------
[ 2017-09-11T22:14:53+08:00 ] 127.0.0.1 127.0.0.1 GET /index.php/admin/Enterprise/company_list
[ log ] www.git.com/index.php/admin/Enterprise/company_list [运行时间：0.048003s][吞吐率：20.83req/s] [内存消耗：4,018.13kb] [文件加载：49]
[ info ] [ ROUTE ] array (
  'type' => 'module',
  'module' => 
  array (
    0 => 'admin',
    1 => 'Enterprise',
    2 => 'company_list',
  ),
)
[ info ] [ HEADER ] array (
  'host' => 'www.git.com',
  'connection' => 'keep-alive',
  'cache-control' => 'max-age=0',
  'accept' => 'text/html,application/xhtml+xml,application/xml;q=0.9,image/webp,*/*;q=0.8',
  'upgrade-insecure-requests' => '1',
  'user-agent' => 'Mozilla/5.0 (Windows NT 6.1; WOW64) AppleWebKit/537.36 (KHTML, like Gecko) Chrome/49.0.2623.221 Safari/537.36 SE 2.X MetaSr 1.0',
  'referer' => 'http://www.git.com/index.php/admin/Enterprise/company_list',
  'accept-encoding' => 'gzip, deflate, sdch',
  'accept-language' => 'zh-CN,zh;q=0.8',
  'cookie' => 'PHPSESSID=f2ko7mmpj4j7ana2vjm4029785; Hm_lvt_080836300300be57b7f34f4b3e97d911=1505051685,1505133548; Hm_lpvt_080836300300be57b7f34f4b3e97d911=1505133548; think_var=zh-cn',
)
[ info ] [ PARAM ] array (
)
[ info ] [ RUN ] /**
	 * 公司信息列表
	 * @Author   wcl
	 * @DateTime 2017-09-10T20:53:24+0800
	 * @return   [type]                   [description]
	 */
Method [ <user> public method company_list ] {
  @@ D:\wamp64\www\lwhezuo\xitong\application\admin\controller\Enterprise.php 12 - 46
}

[ info ] [ DB ] INIT mysql
[ info ] [ VIEW ] D:\wamp64\www\lwhezuo\xitong\public/../application/admin\view\enterprise\company_list.html [ array (
  0 => 'lw_role',
  1 => 'res',
) ]
[ info ] [ LANG ] D:\wamp64\www\lwhezuo\xitong\thinkphp\lang\zh-cn.php
[ info ] [ LANG ] D:\wamp64\www\lwhezuo\xitong\thinkphp\lang\zh-cn.php
[ info ] [ LANG ] D:\wamp64\www\lwhezuo\xitong\thinkphp\lang\zh-cn.php
[ info ] [ LOG ] INIT File
[ sql ] [ DB ] CONNECT:[ UseTime:0.011000s ] mysql:dbname=ykd;host=localhost;charset=utf8
[ sql ] [ SQL ] SHOW COLUMNS FROM `dino_company` [ RunTime:0.001000s ]
[ sql ] [ SQL ] SELECT `id`,`name`,`license_number`,`legal`,`legal_mobile`,`contact`,`contact_mobile`,`contact_phone`,`address` FROM `dino_company` WHERE  (  1 ) ORDER BY id desc  [ RunTime:0.000000s ]
[ sql ] [ SQL ] SHOW COLUMNS FROM `dino_bank` [ RunTime:0.002000s ]
[ sql ] [ SQL ] SELECT * FROM `dino_bank` WHERE  `company_id` = 1 ORDER BY id asc LIMIT 1    [ RunTime:0.000000s ]
[ error ] [8]未定义变量: startime[D:\wamp64\www\lwhezuo\xitong\runtime\temp\64242ff3613e13f0f9a4a8aa189af3bf.php:35]
[ error ] [8]未定义变量: overtime[D:\wamp64\www\lwhezuo\xitong\runtime\temp\64242ff3613e13f0f9a4a8aa189af3bf.php:38]
[ error ] [8]未定义变量: name[D:\wamp64\www\lwhezuo\xitong\runtime\temp\64242ff3613e13f0f9a4a8aa189af3bf.php:44]

---------------------------------------------------------------
[ 2017-09-11T22:14:53+08:00 ] 127.0.0.1 127.0.0.1 GET /index.php/admin/Enterprise/lib/jquery.validation/1.14.0/jquery.validate.js
[ log ] www.git.com/index.php/admin/Enterprise/lib/jquery.validation/1.14.0/jquery.validate.js [运行时间：0.052003s][吞吐率：19.23req/s] [内存消耗：2,243.68kb] [文件加载：37]
[ info ] [ ROUTE ] array (
  'type' => 'module',
  'module' => 
  array (
    0 => 'admin',
    1 => 'Enterprise',
    2 => 'lib',
  ),
)
[ info ] [ HEADER ] array (
  'host' => 'www.git.com',
  'connection' => 'keep-alive',
  'cache-control' => 'max-age=0',
  'accept' => '*/*',
  'user-agent' => 'Mozilla/5.0 (Windows NT 6.1; WOW64) AppleWebKit/537.36 (KHTML, like Gecko) Chrome/49.0.2623.221 Safari/537.36 SE 2.X MetaSr 1.0',
  'referer' => 'http://www.git.com/index.php/admin/Enterprise/company_list',
  'accept-encoding' => 'gzip, deflate, sdch',
  'accept-language' => 'zh-CN,zh;q=0.8',
  'cookie' => 'PHPSESSID=f2ko7mmpj4j7ana2vjm4029785; Hm_lvt_080836300300be57b7f34f4b3e97d911=1505051685,1505133548; Hm_lpvt_080836300300be57b7f34f4b3e97d911=1505133548; think_var=zh-cn',
)
[ info ] [ PARAM ] array (
  'validation' => '1.14.0',
)
[ info ] [ LANG ] D:\wamp64\www\lwhezuo\xitong\thinkphp\lang\zh-cn.php
[ info ] [ LOG ] INIT File

---------------------------------------------------------------
[ 2017-09-11T22:14:53+08:00 ] 127.0.0.1 127.0.0.1 GET /index.php/admin/Enterprise/lib/jquery.validation/1.14.0/validate-methods.js
[ log ] www.git.com/index.php/admin/Enterprise/lib/jquery.validation/1.14.0/validate-methods.js [运行时间：0.074005s][吞吐率：13.51req/s] [内存消耗：2,243.73kb] [文件加载：37]
[ info ] [ ROUTE ] array (
  'type' => 'module',
  'module' => 
  array (
    0 => 'admin',
    1 => 'Enterprise',
    2 => 'lib',
  ),
)
[ info ] [ HEADER ] array (
  'host' => 'www.git.com',
  'connection' => 'keep-alive',
  'cache-control' => 'max-age=0',
  'accept' => '*/*',
  'user-agent' => 'Mozilla/5.0 (Windows NT 6.1; WOW64) AppleWebKit/537.36 (KHTML, like Gecko) Chrome/49.0.2623.221 Safari/537.36 SE 2.X MetaSr 1.0',
  'referer' => 'http://www.git.com/index.php/admin/Enterprise/company_list',
  'accept-encoding' => 'gzip, deflate, sdch',
  'accept-language' => 'zh-CN,zh;q=0.8',
  'cookie' => 'PHPSESSID=f2ko7mmpj4j7ana2vjm4029785; Hm_lvt_080836300300be57b7f34f4b3e97d911=1505051685,1505133548; Hm_lpvt_080836300300be57b7f34f4b3e97d911=1505133548; think_var=zh-cn',
)
[ info ] [ PARAM ] array (
  'validation' => '1.14.0',
)
[ info ] [ LANG ] D:\wamp64\www\lwhezuo\xitong\thinkphp\lang\zh-cn.php
[ info ] [ LOG ] INIT File

---------------------------------------------------------------
[ 2017-09-11T22:14:53+08:00 ] 127.0.0.1 127.0.0.1 GET /index.php/admin/Enterprise/lib/jquery.validation/1.14.0/messages_zh.js
[ log ] www.git.com/index.php/admin/Enterprise/lib/jquery.validation/1.14.0/messages_zh.js [运行时间：0.086005s][吞吐率：11.63req/s] [内存消耗：2,243.70kb] [文件加载：37]
[ info ] [ ROUTE ] array (
  'type' => 'module',
  'module' => 
  array (
    0 => 'admin',
    1 => 'Enterprise',
    2 => 'lib',
  ),
)
[ info ] [ HEADER ] array (
  'host' => 'www.git.com',
  'connection' => 'keep-alive',
  'cache-control' => 'max-age=0',
  'accept' => '*/*',
  'user-agent' => 'Mozilla/5.0 (Windows NT 6.1; WOW64) AppleWebKit/537.36 (KHTML, like Gecko) Chrome/49.0.2623.221 Safari/537.36 SE 2.X MetaSr 1.0',
  'referer' => 'http://www.git.com/index.php/admin/Enterprise/company_list',
  'accept-encoding' => 'gzip, deflate, sdch',
  'accept-language' => 'zh-CN,zh;q=0.8',
  'cookie' => 'PHPSESSID=f2ko7mmpj4j7ana2vjm4029785; Hm_lvt_080836300300be57b7f34f4b3e97d911=1505051685,1505133548; Hm_lpvt_080836300300be57b7f34f4b3e97d911=1505133548; think_var=zh-cn',
)
[ info ] [ PARAM ] array (
  'validation' => '1.14.0',
)
[ info ] [ LANG ] D:\wamp64\www\lwhezuo\xitong\thinkphp\lang\zh-cn.php
[ info ] [ LOG ] INIT File

---------------------------------------------------------------
[ 2017-09-11T22:19:02+08:00 ] 127.0.0.1 127.0.0.1 GET /index.php/admin/Enterprise/staff_list
[ log ] www.git.com/index.php/admin/Enterprise/staff_list [运行时间：0.023001s][吞吐率：43.48req/s] [内存消耗：2,104.85kb] [文件加载：32]
[ info ] [ ROUTE ] array (
  'type' => 'module',
  'module' => 
  array (
    0 => 'admin',
    1 => 'Enterprise',
    2 => 'staff_list',
  ),
)
[ info ] [ HEADER ] array (
  'host' => 'www.git.com',
  'connection' => 'keep-alive',
  'accept' => 'text/html,application/xhtml+xml,application/xml;q=0.9,image/webp,*/*;q=0.8',
  'upgrade-insecure-requests' => '1',
  'user-agent' => 'Mozilla/5.0 (Windows NT 6.1; WOW64) AppleWebKit/537.36 (KHTML, like Gecko) Chrome/49.0.2623.221 Safari/537.36 SE 2.X MetaSr 1.0',
  'referer' => 'http://www.git.com/admin/index/index.html',
  'accept-encoding' => 'gzip, deflate, sdch',
  'accept-language' => 'zh-CN,zh;q=0.8',
  'cookie' => 'PHPSESSID=f2ko7mmpj4j7ana2vjm4029785; Hm_lvt_080836300300be57b7f34f4b3e97d911=1505051685,1505133548; Hm_lpvt_080836300300be57b7f34f4b3e97d911=1505133548; think_var=zh-cn',
)
[ info ] [ PARAM ] array (
)
[ info ] [ RUN ] /**
	 * 员工信息列表
	 * @Author   wcl
	 * @DateTime 2017-09-10T20:53:24+0800
	 * @return   [type]                   [description]
	 */
Method [ <user> public method staff_list ] {
  @@ D:\wamp64\www\lwhezuo\xitong\application\admin\controller\Enterprise.php 90 - 92
}

[ info ] [ LOG ] INIT File

---------------------------------------------------------------
[ 2017-09-11T22:19:03+08:00 ] 127.0.0.1 127.0.0.1 GET /index.php/admin/Enterprise/garden_list
[ log ] www.git.com/index.php/admin/Enterprise/garden_list [运行时间：0.021001s][吞吐率：47.62req/s] [内存消耗：2,104.88kb] [文件加载：32]
[ info ] [ ROUTE ] array (
  'type' => 'module',
  'module' => 
  array (
    0 => 'admin',
    1 => 'Enterprise',
    2 => 'garden_list',
  ),
)
[ info ] [ HEADER ] array (
  'host' => 'www.git.com',
  'connection' => 'keep-alive',
  'accept' => 'text/html,application/xhtml+xml,application/xml;q=0.9,image/webp,*/*;q=0.8',
  'upgrade-insecure-requests' => '1',
  'user-agent' => 'Mozilla/5.0 (Windows NT 6.1; WOW64) AppleWebKit/537.36 (KHTML, like Gecko) Chrome/49.0.2623.221 Safari/537.36 SE 2.X MetaSr 1.0',
  'referer' => 'http://www.git.com/admin/index/index.html',
  'accept-encoding' => 'gzip, deflate, sdch',
  'accept-language' => 'zh-CN,zh;q=0.8',
  'cookie' => 'PHPSESSID=f2ko7mmpj4j7ana2vjm4029785; Hm_lvt_080836300300be57b7f34f4b3e97d911=1505051685,1505133548; Hm_lpvt_080836300300be57b7f34f4b3e97d911=1505133548; think_var=zh-cn',
)
[ info ] [ PARAM ] array (
)
[ info ] [ RUN ] /**
	 * 园区信息列表
	 * @Author   wcl
	 * @DateTime 2017-09-10T20:53:24+0800
	 * @return   [type]                   [description]
	 */
Method [ <user> public method garden_list ] {
  @@ D:\wamp64\www\lwhezuo\xitong\application\admin\controller\Enterprise.php 126 - 128
}

[ info ] [ LOG ] INIT File

---------------------------------------------------------------
[ 2017-09-11T22:19:03+08:00 ] 127.0.0.1 127.0.0.1 GET /index.php/admin/Enterprise/house_list
[ log ] www.git.com/index.php/admin/Enterprise/house_list [运行时间：0.024002s][吞吐率：41.66req/s] [内存消耗：2,104.85kb] [文件加载：32]
[ info ] [ ROUTE ] array (
  'type' => 'module',
  'module' => 
  array (
    0 => 'admin',
    1 => 'Enterprise',
    2 => 'house_list',
  ),
)
[ info ] [ HEADER ] array (
  'host' => 'www.git.com',
  'connection' => 'keep-alive',
  'accept' => 'text/html,application/xhtml+xml,application/xml;q=0.9,image/webp,*/*;q=0.8',
  'upgrade-insecure-requests' => '1',
  'user-agent' => 'Mozilla/5.0 (Windows NT 6.1; WOW64) AppleWebKit/537.36 (KHTML, like Gecko) Chrome/49.0.2623.221 Safari/537.36 SE 2.X MetaSr 1.0',
  'referer' => 'http://www.git.com/admin/index/index.html',
  'accept-encoding' => 'gzip, deflate, sdch',
  'accept-language' => 'zh-CN,zh;q=0.8',
  'cookie' => 'PHPSESSID=f2ko7mmpj4j7ana2vjm4029785; Hm_lvt_080836300300be57b7f34f4b3e97d911=1505051685,1505133548; Hm_lpvt_080836300300be57b7f34f4b3e97d911=1505133548; think_var=zh-cn',
)
[ info ] [ PARAM ] array (
)
[ info ] [ RUN ] /**
	 * 房源信息列表
	 * @Author   wcl
	 * @DateTime 2017-09-10T20:53:24+0800
	 * @return   [type]                   [description]
	 */
Method [ <user> public method house_list ] {
  @@ D:\wamp64\www\lwhezuo\xitong\application\admin\controller\Enterprise.php 162 - 164
}

[ info ] [ LOG ] INIT File

---------------------------------------------------------------
[ 2017-09-11T22:19:03+08:00 ] 127.0.0.1 127.0.0.1 GET /index.php/admin/Enterprise/staff_list
[ log ] www.git.com/index.php/admin/Enterprise/staff_list [运行时间：0.025002s][吞吐率：40.00req/s] [内存消耗：2,104.85kb] [文件加载：32]
[ info ] [ ROUTE ] array (
  'type' => 'module',
  'module' => 
  array (
    0 => 'admin',
    1 => 'Enterprise',
    2 => 'staff_list',
  ),
)
[ info ] [ HEADER ] array (
  'host' => 'www.git.com',
  'connection' => 'keep-alive',
  'accept' => 'text/html,application/xhtml+xml,application/xml;q=0.9,image/webp,*/*;q=0.8',
  'upgrade-insecure-requests' => '1',
  'user-agent' => 'Mozilla/5.0 (Windows NT 6.1; WOW64) AppleWebKit/537.36 (KHTML, like Gecko) Chrome/49.0.2623.221 Safari/537.36 SE 2.X MetaSr 1.0',
  'referer' => 'http://www.git.com/admin/index/index.html',
  'accept-encoding' => 'gzip, deflate, sdch',
  'accept-language' => 'zh-CN,zh;q=0.8',
  'cookie' => 'PHPSESSID=f2ko7mmpj4j7ana2vjm4029785; Hm_lvt_080836300300be57b7f34f4b3e97d911=1505051685,1505133548; Hm_lpvt_080836300300be57b7f34f4b3e97d911=1505133548; think_var=zh-cn',
)
[ info ] [ PARAM ] array (
)
[ info ] [ RUN ] /**
	 * 员工信息列表
	 * @Author   wcl
	 * @DateTime 2017-09-10T20:53:24+0800
	 * @return   [type]                   [description]
	 */
Method [ <user> public method staff_list ] {
  @@ D:\wamp64\www\lwhezuo\xitong\application\admin\controller\Enterprise.php 90 - 92
}

[ info ] [ LOG ] INIT File

---------------------------------------------------------------
[ 2017-09-11T22:19:04+08:00 ] 127.0.0.1 127.0.0.1 GET /index.php/admin/Enterprise/company_list
[ log ] www.git.com/index.php/admin/Enterprise/company_list [运行时间：0.055004s][吞吐率：18.18req/s] [内存消耗：4,017.91kb] [文件加载：49]
[ info ] [ ROUTE ] array (
  'type' => 'module',
  'module' => 
  array (
    0 => 'admin',
    1 => 'Enterprise',
    2 => 'company_list',
  ),
)
[ info ] [ HEADER ] array (
  'host' => 'www.git.com',
  'connection' => 'keep-alive',
  'accept' => 'text/html,application/xhtml+xml,application/xml;q=0.9,image/webp,*/*;q=0.8',
  'upgrade-insecure-requests' => '1',
  'user-agent' => 'Mozilla/5.0 (Windows NT 6.1; WOW64) AppleWebKit/537.36 (KHTML, like Gecko) Chrome/49.0.2623.221 Safari/537.36 SE 2.X MetaSr 1.0',
  'referer' => 'http://www.git.com/admin/index/index.html',
  'accept-encoding' => 'gzip, deflate, sdch',
  'accept-language' => 'zh-CN,zh;q=0.8',
  'cookie' => 'PHPSESSID=f2ko7mmpj4j7ana2vjm4029785; Hm_lvt_080836300300be57b7f34f4b3e97d911=1505051685,1505133548; Hm_lpvt_080836300300be57b7f34f4b3e97d911=1505133548; think_var=zh-cn',
)
[ info ] [ PARAM ] array (
)
[ info ] [ RUN ] /**
	 * 公司信息列表
	 * @Author   wcl
	 * @DateTime 2017-09-10T20:53:24+0800
	 * @return   [type]                   [description]
	 */
Method [ <user> public method company_list ] {
  @@ D:\wamp64\www\lwhezuo\xitong\application\admin\controller\Enterprise.php 12 - 46
}

[ info ] [ DB ] INIT mysql
[ info ] [ VIEW ] D:\wamp64\www\lwhezuo\xitong\public/../application/admin\view\enterprise\company_list.html [ array (
  0 => 'lw_role',
  1 => 'res',
) ]
[ info ] [ LANG ] D:\wamp64\www\lwhezuo\xitong\thinkphp\lang\zh-cn.php
[ info ] [ LANG ] D:\wamp64\www\lwhezuo\xitong\thinkphp\lang\zh-cn.php
[ info ] [ LANG ] D:\wamp64\www\lwhezuo\xitong\thinkphp\lang\zh-cn.php
[ info ] [ LOG ] INIT File
[ sql ] [ DB ] CONNECT:[ UseTime:0.011001s ] mysql:dbname=ykd;host=localhost;charset=utf8
[ sql ] [ SQL ] SHOW COLUMNS FROM `dino_company` [ RunTime:0.002000s ]
[ sql ] [ SQL ] SELECT `id`,`name`,`license_number`,`legal`,`legal_mobile`,`contact`,`contact_mobile`,`contact_phone`,`address` FROM `dino_company` WHERE  (  1 ) ORDER BY id desc  [ RunTime:0.000000s ]
[ sql ] [ SQL ] SHOW COLUMNS FROM `dino_bank` [ RunTime:0.001000s ]
[ sql ] [ SQL ] SELECT * FROM `dino_bank` WHERE  `company_id` = 1 ORDER BY id asc LIMIT 1    [ RunTime:0.000000s ]
[ error ] [8]未定义变量: startime[D:\wamp64\www\lwhezuo\xitong\runtime\temp\64242ff3613e13f0f9a4a8aa189af3bf.php:35]
[ error ] [8]未定义变量: overtime[D:\wamp64\www\lwhezuo\xitong\runtime\temp\64242ff3613e13f0f9a4a8aa189af3bf.php:38]
[ error ] [8]未定义变量: name[D:\wamp64\www\lwhezuo\xitong\runtime\temp\64242ff3613e13f0f9a4a8aa189af3bf.php:44]

---------------------------------------------------------------
[ 2017-09-11T22:19:04+08:00 ] 127.0.0.1 127.0.0.1 GET /index.php/admin/Enterprise/lib/jquery.validation/1.14.0/messages_zh.js
[ log ] www.git.com/index.php/admin/Enterprise/lib/jquery.validation/1.14.0/messages_zh.js [运行时间：0.059003s][吞吐率：16.95req/s] [内存消耗：2,243.27kb] [文件加载：37]
[ info ] [ ROUTE ] array (
  'type' => 'module',
  'module' => 
  array (
    0 => 'admin',
    1 => 'Enterprise',
    2 => 'lib',
  ),
)
[ info ] [ HEADER ] array (
  'host' => 'www.git.com',
  'connection' => 'keep-alive',
  'accept' => '*/*',
  'user-agent' => 'Mozilla/5.0 (Windows NT 6.1; WOW64) AppleWebKit/537.36 (KHTML, like Gecko) Chrome/49.0.2623.221 Safari/537.36 SE 2.X MetaSr 1.0',
  'referer' => 'http://www.git.com/index.php/admin/Enterprise/company_list',
  'accept-encoding' => 'gzip, deflate, sdch',
  'accept-language' => 'zh-CN,zh;q=0.8',
  'cookie' => 'PHPSESSID=f2ko7mmpj4j7ana2vjm4029785; Hm_lvt_080836300300be57b7f34f4b3e97d911=1505051685,1505133548; Hm_lpvt_080836300300be57b7f34f4b3e97d911=1505133548; think_var=zh-cn',
)
[ info ] [ PARAM ] array (
  'validation' => '1.14.0',
)
[ info ] [ LANG ] D:\wamp64\www\lwhezuo\xitong\thinkphp\lang\zh-cn.php
[ info ] [ LOG ] INIT File

---------------------------------------------------------------
[ 2017-09-11T22:19:04+08:00 ] 127.0.0.1 127.0.0.1 GET /index.php/admin/Enterprise/lib/jquery.validation/1.14.0/jquery.validate.js
[ log ] www.git.com/index.php/admin/Enterprise/lib/jquery.validation/1.14.0/jquery.validate.js [运行时间：0.060003s][吞吐率：16.67req/s] [内存消耗：2,243.54kb] [文件加载：37]
[ info ] [ ROUTE ] array (
  'type' => 'module',
  'module' => 
  array (
    0 => 'admin',
    1 => 'Enterprise',
    2 => 'lib',
  ),
)
[ info ] [ HEADER ] array (
  'host' => 'www.git.com',
  'connection' => 'keep-alive',
  'accept' => '*/*',
  'user-agent' => 'Mozilla/5.0 (Windows NT 6.1; WOW64) AppleWebKit/537.36 (KHTML, like Gecko) Chrome/49.0.2623.221 Safari/537.36 SE 2.X MetaSr 1.0',
  'referer' => 'http://www.git.com/index.php/admin/Enterprise/company_list',
  'accept-encoding' => 'gzip, deflate, sdch',
  'accept-language' => 'zh-CN,zh;q=0.8',
  'cookie' => 'PHPSESSID=f2ko7mmpj4j7ana2vjm4029785; Hm_lvt_080836300300be57b7f34f4b3e97d911=1505051685,1505133548; Hm_lpvt_080836300300be57b7f34f4b3e97d911=1505133548; think_var=zh-cn',
)
[ info ] [ PARAM ] array (
  'validation' => '1.14.0',
)
[ info ] [ LANG ] D:\wamp64\www\lwhezuo\xitong\thinkphp\lang\zh-cn.php
[ info ] [ LOG ] INIT File

---------------------------------------------------------------
[ 2017-09-11T22:19:04+08:00 ] 127.0.0.1 127.0.0.1 GET /index.php/admin/Enterprise/lib/jquery.validation/1.14.0/validate-methods.js
[ log ] www.git.com/index.php/admin/Enterprise/lib/jquery.validation/1.14.0/validate-methods.js [运行时间：0.034002s][吞吐率：29.41req/s] [内存消耗：2,243.49kb] [文件加载：37]
[ info ] [ ROUTE ] array (
  'type' => 'module',
  'module' => 
  array (
    0 => 'admin',
    1 => 'Enterprise',
    2 => 'lib',
  ),
)
[ info ] [ HEADER ] array (
  'host' => 'www.git.com',
  'connection' => 'keep-alive',
  'accept' => '*/*',
  'user-agent' => 'Mozilla/5.0 (Windows NT 6.1; WOW64) AppleWebKit/537.36 (KHTML, like Gecko) Chrome/49.0.2623.221 Safari/537.36 SE 2.X MetaSr 1.0',
  'referer' => 'http://www.git.com/index.php/admin/Enterprise/company_list',
  'accept-encoding' => 'gzip, deflate, sdch',
  'accept-language' => 'zh-CN,zh;q=0.8',
  'cookie' => 'PHPSESSID=f2ko7mmpj4j7ana2vjm4029785; Hm_lvt_080836300300be57b7f34f4b3e97d911=1505051685,1505133548; Hm_lpvt_080836300300be57b7f34f4b3e97d911=1505133548; think_var=zh-cn',
)
[ info ] [ PARAM ] array (
  'validation' => '1.14.0',
)
[ info ] [ LANG ] D:\wamp64\www\lwhezuo\xitong\thinkphp\lang\zh-cn.php
[ info ] [ LOG ] INIT File

---------------------------------------------------------------
[ 2017-09-11T22:23:05+08:00 ] 127.0.0.1 127.0.0.1 GET /index.php/admin/enterprise/company_add.html
[ log ] www.git.com/index.php/admin/enterprise/company_add.html [运行时间：0.066004s][吞吐率：15.15req/s] [内存消耗：3,862.80kb] [文件加载：44]
[ info ] [ ROUTE ] array (
  'type' => 'module',
  'module' => 
  array (
    0 => 'admin',
    1 => 'enterprise',
    2 => 'company_add',
  ),
)
[ info ] [ HEADER ] array (
  'host' => 'www.git.com',
  'connection' => 'keep-alive',
  'accept' => 'text/html,application/xhtml+xml,application/xml;q=0.9,image/webp,*/*;q=0.8',
  'upgrade-insecure-requests' => '1',
  'user-agent' => 'Mozilla/5.0 (Windows NT 6.1; WOW64) AppleWebKit/537.36 (KHTML, like Gecko) Chrome/49.0.2623.221 Safari/537.36 SE 2.X MetaSr 1.0',
  'referer' => 'http://www.git.com/index.php/admin/Enterprise/company_list',
  'accept-encoding' => 'gzip, deflate, sdch',
  'accept-language' => 'zh-CN,zh;q=0.8',
  'cookie' => 'PHPSESSID=f2ko7mmpj4j7ana2vjm4029785; Hm_lvt_080836300300be57b7f34f4b3e97d911=1505051685,1505133548; Hm_lpvt_080836300300be57b7f34f4b3e97d911=1505133548; think_var=zh-cn',
)
[ info ] [ PARAM ] array (
)
[ info ] [ RUN ] /**
	 * 公司信息新增
	 * @Author   wcl
	 * @DateTime 2017-09-10T20:53:24+0800
	 * @return   [type]                   [description]
	 */
Method [ <user> public method company_add ] {
  @@ D:\wamp64\www\lwhezuo\xitong\application\admin\controller\Enterprise.php 53 - 65
}

[ info ] [ DB ] INIT mysql
[ info ] [ VIEW ] D:\wamp64\www\lwhezuo\xitong\public/../application/admin\view\enterprise\company_add.html [ array (
  0 => 'lw_role',
  1 => 'bank',
) ]
[ info ] [ LOG ] INIT File
[ sql ] [ DB ] CONNECT:[ UseTime:0.002001s ] mysql:dbname=ykd;host=localhost;charset=utf8
[ sql ] [ SQL ] SHOW COLUMNS FROM `dino_dictionary` [ RunTime:0.001000s ]
[ sql ] [ SQL ] SELECT `id`,`type`,`name`,`status` FROM `dino_dictionary` WHERE  `type` = 2  AND `status` = 1 ORDER BY id desc    [ RunTime:0.001000s ]

---------------------------------------------------------------
[ 2017-09-11T22:27:53+08:00 ] 127.0.0.1 127.0.0.1 GET /admin/index/index.html
[ log ] www.git.com/admin/index/index.html [运行时间：0.060003s][吞吐率：16.67req/s] [内存消耗：3,873.52kb] [文件加载：44]
[ info ] [ ROUTE ] array (
  'type' => 'module',
  'module' => 
  array (
    0 => 'admin',
    1 => 'index',
    2 => 'index',
  ),
)
[ info ] [ HEADER ] array (
  'host' => 'www.git.com',
  'connection' => 'keep-alive',
  'cache-control' => 'max-age=0',
  'accept' => 'text/html,application/xhtml+xml,application/xml;q=0.9,image/webp,*/*;q=0.8',
  'upgrade-insecure-requests' => '1',
  'user-agent' => 'Mozilla/5.0 (Windows NT 6.1; WOW64) AppleWebKit/537.36 (KHTML, like Gecko) Chrome/49.0.2623.221 Safari/537.36 SE 2.X MetaSr 1.0',
  'referer' => 'http://www.git.com/admin/login/login.html',
  'accept-encoding' => 'gzip, deflate, sdch',
  'accept-language' => 'zh-CN,zh;q=0.8',
  'cookie' => 'PHPSESSID=f2ko7mmpj4j7ana2vjm4029785; Hm_lvt_080836300300be57b7f34f4b3e97d911=1505051685,1505133548; Hm_lpvt_080836300300be57b7f34f4b3e97d911=1505133548; think_var=zh-cn',
)
[ info ] [ PARAM ] array (
)
[ info ] [ RUN ] Method [ <user> public method index ] {
  @@ D:\wamp64\www\lwhezuo\xitong\application\admin\controller\Index.php 9 - 18
}

[ info ] [ DB ] INIT mysql
[ info ] [ VIEW ] D:\wamp64\www\lwhezuo\xitong\public/../application/admin\view\index\index.html [ array (
  0 => 'lw_role',
  1 => 'admin',
  2 => 'ban',
) ]
[ info ] [ LOG ] INIT File
[ sql ] [ DB ] CONNECT:[ UseTime:0.011001s ] mysql:dbname=ykd;host=localhost;charset=utf8
[ sql ] [ SQL ] SHOW COLUMNS FROM `dino_auth` [ RunTime:0.001000s ]
[ sql ] [ SQL ] SELECT `id`,`auth_name`,`auth_c`,`auth_a` FROM `dino_auth` WHERE  `auth_pid` = 0  AND `is_show` = '1'    [ RunTime:0.000000s ]
[ sql ] [ SQL ] SELECT `id`,`auth_name`,`auth_c`,`auth_a` FROM `dino_auth` WHERE  `auth_pid` = 1  AND `is_show` = '1'    [ RunTime:0.001000s ]
[ sql ] [ SQL ] SELECT `id`,`auth_name`,`auth_c`,`auth_a` FROM `dino_auth` WHERE  `auth_pid` = 6  AND `is_show` = '1'    [ RunTime:0.000000s ]
[ sql ] [ SQL ] SELECT `id`,`auth_name`,`auth_c`,`auth_a` FROM `dino_auth` WHERE  `auth_pid` = 10  AND `is_show` = '1'    [ RunTime:0.000000s ]
[ sql ] [ SQL ] SELECT `id`,`auth_name`,`auth_c`,`auth_a` FROM `dino_auth` WHERE  `auth_pid` = 23  AND `is_show` = '1'    [ RunTime:0.000000s ]
[ sql ] [ SQL ] SELECT `id`,`auth_name`,`auth_c`,`auth_a` FROM `dino_auth` WHERE  `auth_pid` = 25  AND `is_show` = '1'    [ RunTime:0.001000s ]
[ sql ] [ SQL ] SHOW COLUMNS FROM `dino_admin` [ RunTime:0.001000s ]
[ sql ] [ SQL ] SELECT `username`,`role_id`,`loginsum`,`last_ip`,`last_time` FROM `dino_admin` WHERE  `id` = 1 LIMIT 1    [ RunTime:0.000000s ]

---------------------------------------------------------------
[ 2017-09-11T22:27:53+08:00 ] 127.0.0.1 127.0.0.1 GET /admin/index/welcome.html
[ log ] www.git.com/admin/index/welcome.html [运行时间：0.055003s][吞吐率：18.18req/s] [内存消耗：3,737.98kb] [文件加载：43]
[ info ] [ ROUTE ] array (
  'type' => 'module',
  'module' => 
  array (
    0 => 'admin',
    1 => 'index',
    2 => 'welcome',
  ),
)
[ info ] [ HEADER ] array (
  'host' => 'www.git.com',
  'connection' => 'keep-alive',
  'cache-control' => 'max-age=0',
  'accept' => 'text/html,application/xhtml+xml,application/xml;q=0.9,image/webp,*/*;q=0.8',
  'upgrade-insecure-requests' => '1',
  'user-agent' => 'Mozilla/5.0 (Windows NT 6.1; WOW64) AppleWebKit/537.36 (KHTML, like Gecko) Chrome/49.0.2623.221 Safari/537.36 SE 2.X MetaSr 1.0',
  'referer' => 'http://www.git.com/admin/index/index.html',
  'accept-encoding' => 'gzip, deflate, sdch',
  'accept-language' => 'zh-CN,zh;q=0.8',
  'cookie' => 'PHPSESSID=f2ko7mmpj4j7ana2vjm4029785; Hm_lvt_080836300300be57b7f34f4b3e97d911=1505051685,1505133548; Hm_lpvt_080836300300be57b7f34f4b3e97d911=1505133548; think_var=zh-cn',
)
[ info ] [ PARAM ] array (
)
[ info ] [ RUN ] Method [ <user> public method welcome ] {
  @@ D:\wamp64\www\lwhezuo\xitong\application\admin\controller\Index.php 20 - 27
}

[ info ] [ DB ] INIT mysql
[ info ] [ VIEW ] D:\wamp64\www\lwhezuo\xitong\public/../application/admin\view\index\welcome.html [ array (
  0 => 'lw_role',
  1 => 'admin',
) ]
[ info ] [ LOG ] INIT File
[ sql ] [ DB ] CONNECT:[ UseTime:0.011000s ] mysql:dbname=ykd;host=localhost;charset=utf8
[ sql ] [ SQL ] SHOW COLUMNS FROM `dino_admin` [ RunTime:0.001000s ]
[ sql ] [ SQL ] SELECT `username`,`role_id`,`loginsum`,`last_ip`,`last_time` FROM `dino_admin` WHERE  `id` = 1 LIMIT 1    [ RunTime:0.001000s ]

---------------------------------------------------------------
[ 2017-09-11T22:27:55+08:00 ] 127.0.0.1 127.0.0.1 GET /index.php/admin/Detailed/detailed_list.html
[ log ] www.git.com/index.php/admin/Detailed/detailed_list.html [运行时间：0.028002s][吞吐率：35.71req/s] [内存消耗：1,636.31kb] [文件加载：29]
[ info ] [ ROUTE ] array (
  'type' => 'module',
  'module' => 
  array (
    0 => 'admin',
    1 => 'Detailed',
    2 => 'detailed_list',
  ),
)
[ info ] [ HEADER ] array (
  'host' => 'www.git.com',
  'connection' => 'keep-alive',
  'accept' => 'text/html,application/xhtml+xml,application/xml;q=0.9,image/webp,*/*;q=0.8',
  'upgrade-insecure-requests' => '1',
  'user-agent' => 'Mozilla/5.0 (Windows NT 6.1; WOW64) AppleWebKit/537.36 (KHTML, like Gecko) Chrome/49.0.2623.221 Safari/537.36 SE 2.X MetaSr 1.0',
  'referer' => 'http://www.git.com/admin/index/index.html',
  'accept-encoding' => 'gzip, deflate, sdch',
  'accept-language' => 'zh-CN,zh;q=0.8',
  'cookie' => 'PHPSESSID=f2ko7mmpj4j7ana2vjm4029785; Hm_lvt_080836300300be57b7f34f4b3e97d911=1505051685,1505133548; Hm_lpvt_080836300300be57b7f34f4b3e97d911=1505133548; think_var=zh-cn',
)
[ info ] [ PARAM ] array (
)
[ info ] [ LANG ] D:\wamp64\www\lwhezuo\xitong\thinkphp\lang\zh-cn.php
[ info ] [ LOG ] INIT File

---------------------------------------------------------------
[ 2017-09-11T22:31:16+08:00 ] 127.0.0.1 127.0.0.1 GET /admin/index/index.html
[ log ] www.git.com/admin/index/index.html [运行时间：0.049003s][吞吐率：20.41req/s] [内存消耗：3,873.52kb] [文件加载：44]
[ info ] [ ROUTE ] array (
  'type' => 'module',
  'module' => 
  array (
    0 => 'admin',
    1 => 'index',
    2 => 'index',
  ),
)
[ info ] [ HEADER ] array (
  'host' => 'www.git.com',
  'connection' => 'keep-alive',
  'cache-control' => 'max-age=0',
  'accept' => 'text/html,application/xhtml+xml,application/xml;q=0.9,image/webp,*/*;q=0.8',
  'upgrade-insecure-requests' => '1',
  'user-agent' => 'Mozilla/5.0 (Windows NT 6.1; WOW64) AppleWebKit/537.36 (KHTML, like Gecko) Chrome/49.0.2623.221 Safari/537.36 SE 2.X MetaSr 1.0',
  'referer' => 'http://www.git.com/admin/login/login.html',
  'accept-encoding' => 'gzip, deflate, sdch',
  'accept-language' => 'zh-CN,zh;q=0.8',
  'cookie' => 'PHPSESSID=f2ko7mmpj4j7ana2vjm4029785; Hm_lvt_080836300300be57b7f34f4b3e97d911=1505051685,1505133548; Hm_lpvt_080836300300be57b7f34f4b3e97d911=1505133548; think_var=zh-cn',
)
[ info ] [ PARAM ] array (
)
[ info ] [ RUN ] Method [ <user> public method index ] {
  @@ D:\wamp64\www\lwhezuo\xitong\application\admin\controller\Index.php 9 - 18
}

[ info ] [ DB ] INIT mysql
[ info ] [ VIEW ] D:\wamp64\www\lwhezuo\xitong\public/../application/admin\view\index\index.html [ array (
  0 => 'lw_role',
  1 => 'admin',
  2 => 'ban',
) ]
[ info ] [ LOG ] INIT File
[ sql ] [ DB ] CONNECT:[ UseTime:0.003000s ] mysql:dbname=ykd;host=localhost;charset=utf8
[ sql ] [ SQL ] SHOW COLUMNS FROM `dino_auth` [ RunTime:0.001000s ]
[ sql ] [ SQL ] SELECT `id`,`auth_name`,`auth_c`,`auth_a` FROM `dino_auth` WHERE  `auth_pid` = 0  AND `is_show` = '1'    [ RunTime:0.000000s ]
[ sql ] [ SQL ] SELECT `id`,`auth_name`,`auth_c`,`auth_a` FROM `dino_auth` WHERE  `auth_pid` = 1  AND `is_show` = '1'    [ RunTime:0.001000s ]
[ sql ] [ SQL ] SELECT `id`,`auth_name`,`auth_c`,`auth_a` FROM `dino_auth` WHERE  `auth_pid` = 6  AND `is_show` = '1'    [ RunTime:0.001000s ]
[ sql ] [ SQL ] SELECT `id`,`auth_name`,`auth_c`,`auth_a` FROM `dino_auth` WHERE  `auth_pid` = 10  AND `is_show` = '1'    [ RunTime:0.000000s ]
[ sql ] [ SQL ] SELECT `id`,`auth_name`,`auth_c`,`auth_a` FROM `dino_auth` WHERE  `auth_pid` = 23  AND `is_show` = '1'    [ RunTime:0.000000s ]
[ sql ] [ SQL ] SELECT `id`,`auth_name`,`auth_c`,`auth_a` FROM `dino_auth` WHERE  `auth_pid` = 25  AND `is_show` = '1'    [ RunTime:0.000000s ]
[ sql ] [ SQL ] SHOW COLUMNS FROM `dino_admin` [ RunTime:0.000000s ]
[ sql ] [ SQL ] SELECT `username`,`role_id`,`loginsum`,`last_ip`,`last_time` FROM `dino_admin` WHERE  `id` = 1 LIMIT 1    [ RunTime:0.001000s ]

---------------------------------------------------------------
[ 2017-09-11T22:31:16+08:00 ] 127.0.0.1 127.0.0.1 GET /admin/index/welcome.html
[ log ] www.git.com/admin/index/welcome.html [运行时间：0.045002s][吞吐率：22.22req/s] [内存消耗：3,737.98kb] [文件加载：43]
[ info ] [ ROUTE ] array (
  'type' => 'module',
  'module' => 
  array (
    0 => 'admin',
    1 => 'index',
    2 => 'welcome',
  ),
)
[ info ] [ HEADER ] array (
  'host' => 'www.git.com',
  'connection' => 'keep-alive',
  'cache-control' => 'max-age=0',
  'accept' => 'text/html,application/xhtml+xml,application/xml;q=0.9,image/webp,*/*;q=0.8',
  'upgrade-insecure-requests' => '1',
  'user-agent' => 'Mozilla/5.0 (Windows NT 6.1; WOW64) AppleWebKit/537.36 (KHTML, like Gecko) Chrome/49.0.2623.221 Safari/537.36 SE 2.X MetaSr 1.0',
  'referer' => 'http://www.git.com/admin/index/index.html',
  'accept-encoding' => 'gzip, deflate, sdch',
  'accept-language' => 'zh-CN,zh;q=0.8',
  'cookie' => 'PHPSESSID=f2ko7mmpj4j7ana2vjm4029785; Hm_lvt_080836300300be57b7f34f4b3e97d911=1505051685,1505133548; Hm_lpvt_080836300300be57b7f34f4b3e97d911=1505133548; think_var=zh-cn',
)
[ info ] [ PARAM ] array (
)
[ info ] [ RUN ] Method [ <user> public method welcome ] {
  @@ D:\wamp64\www\lwhezuo\xitong\application\admin\controller\Index.php 20 - 27
}

[ info ] [ DB ] INIT mysql
[ info ] [ VIEW ] D:\wamp64\www\lwhezuo\xitong\public/../application/admin\view\index\welcome.html [ array (
  0 => 'lw_role',
  1 => 'admin',
) ]
[ info ] [ LOG ] INIT File
[ sql ] [ DB ] CONNECT:[ UseTime:0.001000s ] mysql:dbname=ykd;host=localhost;charset=utf8
[ sql ] [ SQL ] SHOW COLUMNS FROM `dino_admin` [ RunTime:0.001000s ]
[ sql ] [ SQL ] SELECT `username`,`role_id`,`loginsum`,`last_ip`,`last_time` FROM `dino_admin` WHERE  `id` = 1 LIMIT 1    [ RunTime:0.000000s ]

---------------------------------------------------------------
[ 2017-09-11T22:50:42+08:00 ] 127.0.0.1 127.0.0.1 GET /
[ log ] www.git.com/ [运行时间：0.064004s][吞吐率：15.62req/s] [内存消耗：2,198.19kb] [文件加载：35]
[ info ] [ ROUTE ] array (
  'type' => 'module',
  'module' => 
  array (
    0 => '',
    1 => NULL,
    2 => NULL,
  ),
)
[ info ] [ HEADER ] array (
  'host' => 'www.git.com',
  'connection' => 'keep-alive',
  'accept' => 'text/html,application/xhtml+xml,application/xml;q=0.9,image/webp,*/*;q=0.8',
  'upgrade-insecure-requests' => '1',
  'user-agent' => 'Mozilla/5.0 (Windows NT 6.1; WOW64) AppleWebKit/537.36 (KHTML, like Gecko) Chrome/49.0.2623.221 Safari/537.36 SE 2.X MetaSr 1.0',
  'accept-encoding' => 'gzip, deflate, sdch',
  'accept-language' => 'zh-CN,zh;q=0.8',
  'cookie' => 'Hm_lvt_080836300300be57b7f34f4b3e97d911=1505051685,1505133548; think_var=zh-cn',
)
[ info ] [ PARAM ] array (
)
[ info ] [ LOG ] INIT File

---------------------------------------------------------------
[ 2017-09-11T22:50:42+08:00 ] 127.0.0.1 127.0.0.1 GET /admin/login/login.html
[ log ] www.git.com/admin/login/login.html [运行时间：0.188011s][吞吐率：5.32req/s] [内存消耗：3,294.20kb] [文件加载：39]
[ info ] [ ROUTE ] array (
  'type' => 'module',
  'module' => 
  array (
    0 => 'admin',
    1 => 'login',
    2 => 'login',
  ),
)
[ info ] [ HEADER ] array (
  'host' => 'www.git.com',
  'connection' => 'keep-alive',
  'accept' => 'text/html,application/xhtml+xml,application/xml;q=0.9,image/webp,*/*;q=0.8',
  'upgrade-insecure-requests' => '1',
  'user-agent' => 'Mozilla/5.0 (Windows NT 6.1; WOW64) AppleWebKit/537.36 (KHTML, like Gecko) Chrome/49.0.2623.221 Safari/537.36 SE 2.X MetaSr 1.0',
  'accept-encoding' => 'gzip, deflate, sdch',
  'accept-language' => 'zh-CN,zh;q=0.8',
  'cookie' => 'Hm_lvt_080836300300be57b7f34f4b3e97d911=1505051685,1505133548; think_var=zh-cn; PHPSESSID=mj8kdhoimrqi6hvhnpqa51ga91',
)
[ info ] [ PARAM ] array (
)
[ info ] [ RUN ] Method [ <user> public method login ] {
  @@ D:\wamp64\www\lwhezuo\xitong\application\admin\controller\Login.php 16 - 52
}

[ info ] [ DB ] INIT mysql
[ info ] [ VIEW ] D:\wamp64\www\lwhezuo\xitong\public/../application/admin\view\login\login.html [ array (
  0 => 'contrll',
  1 => 'action',
) ]
[ info ] [ LOG ] INIT File

---------------------------------------------------------------
[ 2017-09-11T22:50:42+08:00 ] 127.0.0.1 127.0.0.1 GET /admin/login/verify.html
[ log ] www.git.com/admin/login/verify.html [运行时间：0.058003s][吞吐率：17.24req/s] [内存消耗：2,313.70kb] [文件加载：38]
[ info ] [ ROUTE ] array (
  'type' => 'module',
  'module' => 
  array (
    0 => 'admin',
    1 => 'login',
    2 => 'verify',
  ),
)
[ info ] [ HEADER ] array (
  'host' => 'www.git.com',
  'connection' => 'keep-alive',
  'accept' => 'image/webp,image/*,*/*;q=0.8',
  'user-agent' => 'Mozilla/5.0 (Windows NT 6.1; WOW64) AppleWebKit/537.36 (KHTML, like Gecko) Chrome/49.0.2623.221 Safari/537.36 SE 2.X MetaSr 1.0',
  'referer' => 'http://www.git.com/admin/login/login.html',
  'accept-encoding' => 'gzip, deflate, sdch',
  'accept-language' => 'zh-CN,zh;q=0.8',
  'cookie' => 'Hm_lvt_080836300300be57b7f34f4b3e97d911=1505051685,1505133548; think_var=zh-cn; PHPSESSID=mj8kdhoimrqi6hvhnpqa51ga91',
)
[ info ] [ PARAM ] array (
)
[ info ] [ RUN ] Method [ <user> public method verify ] {
  @@ D:\wamp64\www\lwhezuo\xitong\application\admin\controller\Login.php 54 - 62
}

[ info ] [ LANG ] D:\wamp64\www\lwhezuo\xitong\thinkphp\lang\zh-cn.php
[ info ] [ LANG ] D:\wamp64\www\lwhezuo\xitong\thinkphp\lang\zh-cn.php
[ info ] [ LANG ] D:\wamp64\www\lwhezuo\xitong\thinkphp\lang\zh-cn.php
[ info ] [ LANG ] D:\wamp64\www\lwhezuo\xitong\thinkphp\lang\zh-cn.php
[ info ] [ LANG ] D:\wamp64\www\lwhezuo\xitong\thinkphp\lang\zh-cn.php
[ info ] [ LANG ] D:\wamp64\www\lwhezuo\xitong\thinkphp\lang\zh-cn.php
[ info ] [ LANG ] D:\wamp64\www\lwhezuo\xitong\thinkphp\lang\zh-cn.php
[ info ] [ LANG ] D:\wamp64\www\lwhezuo\xitong\thinkphp\lang\zh-cn.php
[ info ] [ LANG ] D:\wamp64\www\lwhezuo\xitong\thinkphp\lang\zh-cn.php
[ info ] [ SESSION ] INIT array (
  'id' => '',
  'var_session_id' => '',
  'prefix' => 'think',
  'type' => '',
  'auto_start' => true,
)
[ info ] [ LOG ] INIT File
[ error ] [8]A non well formed numeric value encountered[D:\wamp64\www\lwhezuo\xitong\extend\Verify.php:117]
[ error ] [8]A non well formed numeric value encountered[D:\wamp64\www\lwhezuo\xitong\extend\Verify.php:117]
[ error ] [8]A non well formed numeric value encountered[D:\wamp64\www\lwhezuo\xitong\extend\Verify.php:205]
[ error ] [8]A non well formed numeric value encountered[D:\wamp64\www\lwhezuo\xitong\extend\Verify.php:225]
[ error ] [8]A non well formed numeric value encountered[D:\wamp64\www\lwhezuo\xitong\extend\Verify.php:164]
[ error ] [8]A non well formed numeric value encountered[D:\wamp64\www\lwhezuo\xitong\extend\Verify.php:164]
[ error ] [8]A non well formed numeric value encountered[D:\wamp64\www\lwhezuo\xitong\extend\Verify.php:164]
[ error ] [8]A non well formed numeric value encountered[D:\wamp64\www\lwhezuo\xitong\extend\Verify.php:164]
[ error ] [8]Use of undefined constant NOW_TIME - assumed 'NOW_TIME'[D:\wamp64\www\lwhezuo\xitong\extend\Verify.php:173]

---------------------------------------------------------------
[ 2017-09-11T22:50:47+08:00 ] 127.0.0.1 127.0.0.1 GET /
[ log ] www.git.com/ [运行时间：0.027002s][吞吐率：37.03req/s] [内存消耗：2,198.97kb] [文件加载：35]
[ info ] [ ROUTE ] array (
  'type' => 'module',
  'module' => 
  array (
    0 => '',
    1 => NULL,
    2 => NULL,
  ),
)
[ info ] [ HEADER ] array (
  'host' => 'www.git.com',
  'connection' => 'keep-alive',
  'accept' => 'text/html,application/xhtml+xml,application/xml;q=0.9,image/webp,*/*;q=0.8',
  'upgrade-insecure-requests' => '1',
  'user-agent' => 'Mozilla/5.0 (Windows NT 6.1; WOW64) AppleWebKit/537.36 (KHTML, like Gecko) Chrome/49.0.2623.221 Safari/537.36 SE 2.X MetaSr 1.0',
  'accept-encoding' => 'gzip, deflate, sdch',
  'accept-language' => 'zh-CN,zh;q=0.8',
  'cookie' => 'think_var=zh-cn; PHPSESSID=mj8kdhoimrqi6hvhnpqa51ga91; Hm_lvt_080836300300be57b7f34f4b3e97d911=1505051685,1505133548,1505141443; Hm_lpvt_080836300300be57b7f34f4b3e97d911=1505141443',
)
[ info ] [ PARAM ] array (
)
[ info ] [ LOG ] INIT File

---------------------------------------------------------------
[ 2017-09-11T22:50:47+08:00 ] 127.0.0.1 127.0.0.1 GET /admin/login/login.html
[ log ] www.git.com/admin/login/login.html [运行时间：0.031001s][吞吐率：32.26req/s] [内存消耗：3,295.42kb] [文件加载：39]
[ info ] [ ROUTE ] array (
  'type' => 'module',
  'module' => 
  array (
    0 => 'admin',
    1 => 'login',
    2 => 'login',
  ),
)
[ info ] [ HEADER ] array (
  'host' => 'www.git.com',
  'connection' => 'keep-alive',
  'accept' => 'text/html,application/xhtml+xml,application/xml;q=0.9,image/webp,*/*;q=0.8',
  'upgrade-insecure-requests' => '1',
  'user-agent' => 'Mozilla/5.0 (Windows NT 6.1; WOW64) AppleWebKit/537.36 (KHTML, like Gecko) Chrome/49.0.2623.221 Safari/537.36 SE 2.X MetaSr 1.0',
  'accept-encoding' => 'gzip, deflate, sdch',
  'accept-language' => 'zh-CN,zh;q=0.8',
  'cookie' => 'think_var=zh-cn; PHPSESSID=mj8kdhoimrqi6hvhnpqa51ga91; Hm_lvt_080836300300be57b7f34f4b3e97d911=1505051685,1505133548,1505141443; Hm_lpvt_080836300300be57b7f34f4b3e97d911=1505141443',
)
[ info ] [ PARAM ] array (
)
[ info ] [ RUN ] Method [ <user> public method login ] {
  @@ D:\wamp64\www\lwhezuo\xitong\application\admin\controller\Login.php 16 - 52
}

[ info ] [ DB ] INIT mysql
[ info ] [ VIEW ] D:\wamp64\www\lwhezuo\xitong\public/../application/admin\view\login\login.html [ array (
  0 => 'contrll',
  1 => 'action',
) ]
[ info ] [ LOG ] INIT File

---------------------------------------------------------------
[ 2017-09-11T22:50:47+08:00 ] 127.0.0.1 127.0.0.1 GET /admin/login/verify.html
[ log ] www.git.com/admin/login/verify.html [运行时间：0.081005s][吞吐率：12.34req/s] [内存消耗：2,314.05kb] [文件加载：38]
[ info ] [ ROUTE ] array (
  'type' => 'module',
  'module' => 
  array (
    0 => 'admin',
    1 => 'login',
    2 => 'verify',
  ),
)
[ info ] [ HEADER ] array (
  'host' => 'www.git.com',
  'connection' => 'keep-alive',
  'accept' => 'image/webp,image/*,*/*;q=0.8',
  'user-agent' => 'Mozilla/5.0 (Windows NT 6.1; WOW64) AppleWebKit/537.36 (KHTML, like Gecko) Chrome/49.0.2623.221 Safari/537.36 SE 2.X MetaSr 1.0',
  'referer' => 'http://www.git.com/admin/login/login.html',
  'accept-encoding' => 'gzip, deflate, sdch',
  'accept-language' => 'zh-CN,zh;q=0.8',
  'cookie' => 'think_var=zh-cn; PHPSESSID=mj8kdhoimrqi6hvhnpqa51ga91; Hm_lvt_080836300300be57b7f34f4b3e97d911=1505051685,1505133548,1505141443; Hm_lpvt_080836300300be57b7f34f4b3e97d911=1505141443',
)
[ info ] [ PARAM ] array (
)
[ info ] [ RUN ] Method [ <user> public method verify ] {
  @@ D:\wamp64\www\lwhezuo\xitong\application\admin\controller\Login.php 54 - 62
}

[ info ] [ LANG ] D:\wamp64\www\lwhezuo\xitong\thinkphp\lang\zh-cn.php
[ info ] [ LANG ] D:\wamp64\www\lwhezuo\xitong\thinkphp\lang\zh-cn.php
[ info ] [ LANG ] D:\wamp64\www\lwhezuo\xitong\thinkphp\lang\zh-cn.php
[ info ] [ LANG ] D:\wamp64\www\lwhezuo\xitong\thinkphp\lang\zh-cn.php
[ info ] [ LANG ] D:\wamp64\www\lwhezuo\xitong\thinkphp\lang\zh-cn.php
[ info ] [ LANG ] D:\wamp64\www\lwhezuo\xitong\thinkphp\lang\zh-cn.php
[ info ] [ LANG ] D:\wamp64\www\lwhezuo\xitong\thinkphp\lang\zh-cn.php
[ info ] [ LANG ] D:\wamp64\www\lwhezuo\xitong\thinkphp\lang\zh-cn.php
[ info ] [ LANG ] D:\wamp64\www\lwhezuo\xitong\thinkphp\lang\zh-cn.php
[ info ] [ SESSION ] INIT array (
  'id' => '',
  'var_session_id' => '',
  'prefix' => 'think',
  'type' => '',
  'auto_start' => true,
)
[ info ] [ LOG ] INIT File
[ error ] [8]A non well formed numeric value encountered[D:\wamp64\www\lwhezuo\xitong\extend\Verify.php:117]
[ error ] [8]A non well formed numeric value encountered[D:\wamp64\www\lwhezuo\xitong\extend\Verify.php:117]
[ error ] [8]A non well formed numeric value encountered[D:\wamp64\www\lwhezuo\xitong\extend\Verify.php:205]
[ error ] [8]A non well formed numeric value encountered[D:\wamp64\www\lwhezuo\xitong\extend\Verify.php:225]
[ error ] [8]A non well formed numeric value encountered[D:\wamp64\www\lwhezuo\xitong\extend\Verify.php:164]
[ error ] [8]A non well formed numeric value encountered[D:\wamp64\www\lwhezuo\xitong\extend\Verify.php:164]
[ error ] [8]A non well formed numeric value encountered[D:\wamp64\www\lwhezuo\xitong\extend\Verify.php:164]
[ error ] [8]A non well formed numeric value encountered[D:\wamp64\www\lwhezuo\xitong\extend\Verify.php:164]
[ error ] [8]Use of undefined constant NOW_TIME - assumed 'NOW_TIME'[D:\wamp64\www\lwhezuo\xitong\extend\Verify.php:173]

---------------------------------------------------------------
